mode: atomic
gitlab.ozon.dev/safariproxd/homework/cmd/gateway/main.go:15.13,17.16 2 0
gitlab.ozon.dev/safariproxd/homework/cmd/gateway/main.go:17.16,19.3 1 0
gitlab.ozon.dev/safariproxd/homework/cmd/gateway/main.go:20.2,25.16 4 0
gitlab.ozon.dev/safariproxd/homework/cmd/gateway/main.go:25.16,27.3 1 0
gitlab.ozon.dev/safariproxd/homework/cmd/gateway/main.go:29.2,30.74 2 0
gitlab.ozon.dev/safariproxd/homework/cmd/gateway/main.go:30.74,32.3 1 0
gitlab.ozon.dev/safariproxd/homework/cmd/swagger/main.go:13.13,15.16 2 0
gitlab.ozon.dev/safariproxd/homework/cmd/swagger/main.go:15.16,17.3 1 0
gitlab.ozon.dev/safariproxd/homework/cmd/swagger/main.go:18.2,19.79 2 0
gitlab.ozon.dev/safariproxd/homework/cmd/swagger/main.go:19.79,21.17 2 0
gitlab.ozon.dev/safariproxd/homework/cmd/swagger/main.go:21.17,25.4 3 0
gitlab.ozon.dev/safariproxd/homework/cmd/swagger/main.go:26.3,27.39 2 0
gitlab.ozon.dev/safariproxd/homework/cmd/swagger/main.go:27.39,29.4 1 0
gitlab.ozon.dev/safariproxd/homework/cmd/swagger/main.go:32.2,37.77 3 0
gitlab.ozon.dev/safariproxd/homework/cmd/swagger/main.go:37.77,39.3 1 0
gitlab.ozon.dev/safariproxd/homework/internal/adapter/grpc/mw/middleware.go:17.55,18.112 1 0
gitlab.ozon.dev/safariproxd/homework/internal/adapter/grpc/mw/middleware.go:18.112,22.17 4 0
gitlab.ozon.dev/safariproxd/homework/internal/adapter/grpc/mw/middleware.go:22.17,24.4 1 0
gitlab.ozon.dev/safariproxd/homework/internal/adapter/grpc/mw/middleware.go:24.9,26.4 1 0
gitlab.ozon.dev/safariproxd/homework/internal/adapter/grpc/mw/middleware.go:27.3,27.19 1 0
gitlab.ozon.dev/safariproxd/homework/internal/adapter/grpc/mw/middleware.go:31.60,32.112 1 0
gitlab.ozon.dev/safariproxd/homework/internal/adapter/grpc/mw/middleware.go:32.112,34.17 2 0
gitlab.ozon.dev/safariproxd/homework/internal/adapter/grpc/mw/middleware.go:34.17,36.4 1 0
gitlab.ozon.dev/safariproxd/homework/internal/adapter/grpc/mw/middleware.go:37.3,37.19 1 0
gitlab.ozon.dev/safariproxd/homework/internal/adapter/grpc/mw/middleware.go:41.83,42.112 1 0
gitlab.ozon.dev/safariproxd/homework/internal/adapter/grpc/mw/middleware.go:42.112,44.54 2 0
gitlab.ozon.dev/safariproxd/homework/internal/adapter/grpc/mw/middleware.go:44.54,45.33 1 0
gitlab.ozon.dev/safariproxd/homework/internal/adapter/grpc/mw/middleware.go:45.33,47.5 1 0
gitlab.ozon.dev/safariproxd/homework/internal/adapter/grpc/mw/middleware.go:50.3,51.17 2 0
gitlab.ozon.dev/safariproxd/homework/internal/adapter/grpc/mw/middleware.go:51.17,53.4 1 0
gitlab.ozon.dev/safariproxd/homework/internal/adapter/grpc/mw/middleware.go:54.3,54.25 1 0
gitlab.ozon.dev/safariproxd/homework/internal/adapter/grpc/mw/middleware.go:54.25,56.4 1 0
gitlab.ozon.dev/safariproxd/homework/internal/adapter/grpc/mw/middleware.go:58.3,58.27 1 0
gitlab.ozon.dev/safariproxd/homework/internal/adapter/grpc/mw/middleware.go:62.58,63.112 1 0
gitlab.ozon.dev/safariproxd/homework/internal/adapter/grpc/mw/middleware.go:63.112,64.39 1 0
gitlab.ozon.dev/safariproxd/homework/internal/adapter/grpc/mw/middleware.go:64.39,65.65 1 0
gitlab.ozon.dev/safariproxd/homework/internal/adapter/grpc/mw/middleware.go:65.65,66.51 1 0
gitlab.ozon.dev/safariproxd/homework/internal/adapter/grpc/mw/middleware.go:66.51,68.6 1 0
gitlab.ozon.dev/safariproxd/homework/internal/adapter/grpc/mw/middleware.go:71.3,71.27 1 0
gitlab.ozon.dev/safariproxd/homework/internal/adapter/grpc/mw/middleware.go:75.76,77.71 1 0
gitlab.ozon.dev/safariproxd/homework/internal/adapter/grpc/mw/middleware.go:77.71,84.58 4 0
gitlab.ozon.dev/safariproxd/homework/internal/adapter/grpc/mw/middleware.go:84.58,86.4 1 0
gitlab.ozon.dev/safariproxd/homework/internal/adapter/grpc/mw/middleware.go:87.3,87.19 1 0
gitlab.ozon.dev/safariproxd/homework/cmd/pvz/main.go:21.13,23.16 2 0
gitlab.ozon.dev/safariproxd/homework/cmd/pvz/main.go:23.16,26.3 2 0
gitlab.ozon.dev/safariproxd/homework/cmd/pvz/main.go:28.2,35.16 3 0
gitlab.ozon.dev/safariproxd/homework/cmd/pvz/main.go:35.16,38.3 2 0
gitlab.ozon.dev/safariproxd/homework/cmd/pvz/main.go:39.2,43.16 5 0
gitlab.ozon.dev/safariproxd/homework/cmd/pvz/main.go:43.16,46.3 2 0
gitlab.ozon.dev/safariproxd/homework/cmd/pvz/main.go:47.2,67.46 7 0
gitlab.ozon.dev/safariproxd/homework/cmd/pvz/main.go:67.46,70.3 2 0
gitlab.ozon.dev/safariproxd/homework/internal/adapter/grpc/errors.go:15.44,17.32 2 0
gitlab.ozon.dev/safariproxd/homework/internal/adapter/grpc/errors.go:17.32,18.25 1 0
gitlab.ozon.dev/safariproxd/homework/internal/adapter/grpc/errors.go:19.33,20.58 1 0
gitlab.ozon.dev/safariproxd/homework/internal/adapter/grpc/errors.go:21.38,22.63 1 0
gitlab.ozon.dev/safariproxd/homework/internal/adapter/grpc/errors.go:23.74,24.68 1 0
gitlab.ozon.dev/safariproxd/homework/internal/adapter/grpc/errors.go:25.105,26.65 1 0
gitlab.ozon.dev/safariproxd/homework/internal/adapter/grpc/errors.go:27.11,28.58 1 0
gitlab.ozon.dev/safariproxd/homework/internal/adapter/grpc/errors.go:31.2,31.33 1 0
gitlab.ozon.dev/safariproxd/homework/internal/adapter/grpc/errors.go:31.33,33.3 1 0
gitlab.ozon.dev/safariproxd/homework/internal/adapter/grpc/errors.go:34.2,34.50 1 0
gitlab.ozon.dev/safariproxd/homework/internal/adapter/grpc/errors.go:37.78,40.25 3 0
gitlab.ozon.dev/safariproxd/homework/internal/adapter/grpc/errors.go:40.25,42.3 1 0
gitlab.ozon.dev/safariproxd/homework/internal/adapter/grpc/errors.go:43.2,43.35 1 0
gitlab.ozon.dev/safariproxd/homework/internal/adapter/grpc/errors.go:43.35,45.31 2 0
gitlab.ozon.dev/safariproxd/homework/internal/adapter/grpc/errors.go:45.31,46.69 1 0
gitlab.ozon.dev/safariproxd/homework/internal/adapter/grpc/errors.go:46.69,49.10 3 0
gitlab.ozon.dev/safariproxd/homework/internal/adapter/grpc/errors.go:52.3,52.13 1 0
gitlab.ozon.dev/safariproxd/homework/internal/adapter/grpc/errors.go:52.13,54.4 1 0
gitlab.ozon.dev/safariproxd/homework/internal/adapter/grpc/errors.go:56.2,56.115 1 0
gitlab.ozon.dev/safariproxd/homework/internal/adapter/grpc/errors.go:59.86,62.31 3 0
gitlab.ozon.dev/safariproxd/homework/internal/adapter/grpc/errors.go:62.31,63.31 1 0
gitlab.ozon.dev/safariproxd/homework/internal/adapter/grpc/errors.go:63.31,64.75 1 0
gitlab.ozon.dev/safariproxd/homework/internal/adapter/grpc/errors.go:64.75,66.10 2 0
gitlab.ozon.dev/safariproxd/homework/internal/adapter/grpc/errors.go:70.2,70.86 1 0
gitlab.ozon.dev/safariproxd/homework/internal/adapter/grpc/handler.go:13.114,15.24 2 0
gitlab.ozon.dev/safariproxd/homework/internal/adapter/grpc/handler.go:15.24,17.3 1 0
gitlab.ozon.dev/safariproxd/homework/internal/adapter/grpc/handler.go:18.2,27.16 3 0
gitlab.ozon.dev/safariproxd/homework/internal/adapter/grpc/handler.go:27.16,29.3 1 0
gitlab.ozon.dev/safariproxd/homework/internal/adapter/grpc/handler.go:30.2,33.8 1 0
gitlab.ozon.dev/safariproxd/homework/internal/adapter/grpc/handler.go:36.110,38.16 2 0
gitlab.ozon.dev/safariproxd/homework/internal/adapter/grpc/handler.go:38.16,40.3 1 0
gitlab.ozon.dev/safariproxd/homework/internal/adapter/grpc/handler.go:41.2,44.8 1 0
gitlab.ozon.dev/safariproxd/homework/internal/adapter/grpc/handler.go:47.118,49.52 2 0
gitlab.ozon.dev/safariproxd/homework/internal/adapter/grpc/handler.go:49.52,51.3 1 0
gitlab.ozon.dev/safariproxd/homework/internal/adapter/grpc/handler.go:51.8,53.3 1 0
gitlab.ozon.dev/safariproxd/homework/internal/adapter/grpc/handler.go:54.2,54.16 1 0
gitlab.ozon.dev/safariproxd/homework/internal/adapter/grpc/handler.go:54.16,56.3 1 0
gitlab.ozon.dev/safariproxd/homework/internal/adapter/grpc/handler.go:57.2,57.57 1 0
gitlab.ozon.dev/safariproxd/homework/internal/adapter/grpc/handler.go:60.109,62.27 2 0
gitlab.ozon.dev/safariproxd/homework/internal/adapter/grpc/handler.go:62.27,65.3 2 0
gitlab.ozon.dev/safariproxd/homework/internal/adapter/grpc/handler.go:66.2,66.22 1 0
gitlab.ozon.dev/safariproxd/homework/internal/adapter/grpc/handler.go:66.22,68.3 1 0
gitlab.ozon.dev/safariproxd/homework/internal/adapter/grpc/handler.go:69.2,77.16 3 0
gitlab.ozon.dev/safariproxd/homework/internal/adapter/grpc/handler.go:77.16,79.3 1 0
gitlab.ozon.dev/safariproxd/homework/internal/adapter/grpc/handler.go:80.2,81.31 2 0
gitlab.ozon.dev/safariproxd/homework/internal/adapter/grpc/handler.go:81.31,83.3 1 0
gitlab.ozon.dev/safariproxd/homework/internal/adapter/grpc/handler.go:84.2,87.8 1 0
gitlab.ozon.dev/safariproxd/homework/internal/adapter/grpc/handler.go:90.112,92.27 2 0
gitlab.ozon.dev/safariproxd/homework/internal/adapter/grpc/handler.go:92.27,95.3 2 0
gitlab.ozon.dev/safariproxd/homework/internal/adapter/grpc/handler.go:96.2,97.16 2 0
gitlab.ozon.dev/safariproxd/homework/internal/adapter/grpc/handler.go:97.16,99.3 1 0
gitlab.ozon.dev/safariproxd/homework/internal/adapter/grpc/handler.go:100.2,101.31 2 0
gitlab.ozon.dev/safariproxd/homework/internal/adapter/grpc/handler.go:101.31,103.3 1 0
gitlab.ozon.dev/safariproxd/homework/internal/adapter/grpc/handler.go:104.2,104.52 1 0
gitlab.ozon.dev/safariproxd/homework/internal/adapter/grpc/handler.go:107.115,109.27 2 0
gitlab.ozon.dev/safariproxd/homework/internal/adapter/grpc/handler.go:109.27,112.3 2 0
gitlab.ozon.dev/safariproxd/homework/internal/adapter/grpc/handler.go:113.2,114.16 2 0
gitlab.ozon.dev/safariproxd/homework/internal/adapter/grpc/handler.go:114.16,116.3 1 0
gitlab.ozon.dev/safariproxd/homework/internal/adapter/grpc/handler.go:117.2,119.34 3 0
gitlab.ozon.dev/safariproxd/homework/internal/adapter/grpc/handler.go:119.34,125.3 1 0
gitlab.ozon.dev/safariproxd/homework/internal/adapter/grpc/handler.go:126.2,126.53 1 0
gitlab.ozon.dev/safariproxd/homework/internal/adapter/grpc/handler.go:129.126,131.16 2 0
gitlab.ozon.dev/safariproxd/homework/internal/adapter/grpc/handler.go:131.16,133.3 1 0
gitlab.ozon.dev/safariproxd/homework/internal/adapter/grpc/handler.go:134.2,135.33 2 0
gitlab.ozon.dev/safariproxd/homework/internal/adapter/grpc/handler.go:135.33,141.3 1 0
gitlab.ozon.dev/safariproxd/homework/internal/adapter/grpc/handler.go:142.2,142.62 1 0
gitlab.ozon.dev/safariproxd/homework/internal/adapter/grpc/handler.go:145.115,147.35 2 0
gitlab.ozon.dev/safariproxd/homework/internal/adapter/grpc/handler.go:147.35,149.27 2 0
gitlab.ozon.dev/safariproxd/homework/internal/adapter/grpc/handler.go:149.27,151.4 1 0
gitlab.ozon.dev/safariproxd/homework/internal/adapter/grpc/handler.go:152.3,159.4 1 0
gitlab.ozon.dev/safariproxd/homework/internal/adapter/grpc/handler.go:161.2,162.16 2 0
gitlab.ozon.dev/safariproxd/homework/internal/adapter/grpc/handler.go:162.16,164.3 1 0
gitlab.ozon.dev/safariproxd/homework/internal/adapter/grpc/handler.go:165.2,165.58 1 0
gitlab.ozon.dev/safariproxd/homework/internal/adapter/grpc/server.go:29.59,33.2 1 0
gitlab.ozon.dev/safariproxd/homework/internal/adapter/grpc/server.go:35.58,37.2 1 0
gitlab.ozon.dev/safariproxd/homework/internal/adapter/grpc/util.go:9.56,10.12 1 0
gitlab.ozon.dev/safariproxd/homework/internal/adapter/grpc/util.go:11.40,12.15 1 0
gitlab.ozon.dev/safariproxd/homework/internal/adapter/grpc/util.go:13.40,14.15 1 0
gitlab.ozon.dev/safariproxd/homework/internal/adapter/grpc/util.go:15.41,16.16 1 0
gitlab.ozon.dev/safariproxd/homework/internal/adapter/grpc/util.go:17.45,18.20 1 0
gitlab.ozon.dev/safariproxd/homework/internal/adapter/grpc/util.go:19.45,20.20 1 0
gitlab.ozon.dev/safariproxd/homework/internal/adapter/grpc/util.go:21.10,22.12 1 0
gitlab.ozon.dev/safariproxd/homework/internal/adapter/grpc/util.go:26.72,27.16 1 0
gitlab.ozon.dev/safariproxd/homework/internal/adapter/grpc/util.go:28.30,29.46 1 0
gitlab.ozon.dev/safariproxd/homework/internal/adapter/grpc/util.go:30.34,31.47 1 0
gitlab.ozon.dev/safariproxd/homework/internal/adapter/grpc/util.go:32.39,33.47 1 0
gitlab.ozon.dev/safariproxd/homework/internal/adapter/grpc/util.go:34.71,35.46 1 0
gitlab.ozon.dev/safariproxd/homework/internal/adapter/grpc/util.go:36.10,37.50 1 0
gitlab.ozon.dev/safariproxd/homework/internal/adapter/grpc/util.go:41.59,52.2 2 0
gitlab.ozon.dev/safariproxd/homework/internal/adapter/grpc/util.go:54.56,55.12 1 0
gitlab.ozon.dev/safariproxd/homework/internal/adapter/grpc/util.go:56.13,57.42 1 0
gitlab.ozon.dev/safariproxd/homework/internal/adapter/grpc/util.go:58.13,59.42 1 0
gitlab.ozon.dev/safariproxd/homework/internal/adapter/grpc/util.go:60.14,61.43 1 0
gitlab.ozon.dev/safariproxd/homework/internal/adapter/grpc/util.go:62.18,63.47 1 0
gitlab.ozon.dev/safariproxd/homework/internal/adapter/grpc/util.go:64.18,65.47 1 0
gitlab.ozon.dev/safariproxd/homework/internal/adapter/grpc/util.go:66.10,67.50 1 0
gitlab.ozon.dev/safariproxd/homework/internal/adapter/cli/add_com.go:10.71,12.16 2 0
gitlab.ozon.dev/safariproxd/homework/internal/adapter/cli/add_com.go:12.16,14.3 1 0
gitlab.ozon.dev/safariproxd/homework/internal/adapter/cli/add_com.go:15.2,16.16 2 0
gitlab.ozon.dev/safariproxd/homework/internal/adapter/cli/add_com.go:16.16,18.3 1 0
gitlab.ozon.dev/safariproxd/homework/internal/adapter/cli/add_com.go:19.2,20.16 2 0
gitlab.ozon.dev/safariproxd/homework/internal/adapter/cli/add_com.go:20.16,22.3 1 0
gitlab.ozon.dev/safariproxd/homework/internal/adapter/cli/add_com.go:23.2,24.16 2 0
gitlab.ozon.dev/safariproxd/homework/internal/adapter/cli/add_com.go:24.16,26.3 1 0
gitlab.ozon.dev/safariproxd/homework/internal/adapter/cli/add_com.go:27.2,28.16 2 0
gitlab.ozon.dev/safariproxd/homework/internal/adapter/cli/add_com.go:28.16,30.3 1 0
gitlab.ozon.dev/safariproxd/homework/internal/adapter/cli/add_com.go:31.2,32.16 2 0
gitlab.ozon.dev/safariproxd/homework/internal/adapter/cli/add_com.go:32.16,34.3 1 0
gitlab.ozon.dev/safariproxd/homework/internal/adapter/cli/add_com.go:36.2,37.16 2 0
gitlab.ozon.dev/safariproxd/homework/internal/adapter/cli/add_com.go:37.16,39.3 1 0
gitlab.ozon.dev/safariproxd/homework/internal/adapter/cli/add_com.go:40.2,49.16 3 0
gitlab.ozon.dev/safariproxd/homework/internal/adapter/cli/add_com.go:49.16,51.3 1 0
gitlab.ozon.dev/safariproxd/homework/internal/adapter/cli/add_com.go:53.2,56.12 4 0
gitlab.ozon.dev/safariproxd/homework/internal/adapter/cli/cli.go:31.97,38.2 3 0
gitlab.ozon.dev/safariproxd/homework/internal/adapter/cli/cli.go:40.56,43.6 3 0
gitlab.ozon.dev/safariproxd/homework/internal/adapter/cli/cli.go:43.6,46.22 2 0
gitlab.ozon.dev/safariproxd/homework/internal/adapter/cli/cli.go:46.22,47.9 1 0
gitlab.ozon.dev/safariproxd/homework/internal/adapter/cli/cli.go:50.3,51.17 2 0
gitlab.ozon.dev/safariproxd/homework/internal/adapter/cli/cli.go:51.17,52.12 1 0
gitlab.ozon.dev/safariproxd/homework/internal/adapter/cli/cli.go:55.3,55.21 1 0
gitlab.ozon.dev/safariproxd/homework/internal/adapter/cli/cli.go:55.21,58.4 2 0
gitlab.ozon.dev/safariproxd/homework/internal/adapter/cli/cli.go:60.3,61.43 2 0
gitlab.ozon.dev/safariproxd/homework/internal/adapter/cli/cli.go:61.43,64.15 3 0
gitlab.ozon.dev/safariproxd/homework/internal/adapter/cli/cli.go:64.15,66.5 1 0
gitlab.ozon.dev/safariproxd/homework/internal/adapter/cli/cli.go:69.2,69.38 1 0
gitlab.ozon.dev/safariproxd/homework/internal/adapter/cli/cli.go:69.38,71.3 1 0
gitlab.ozon.dev/safariproxd/homework/internal/adapter/cli/cli.go:72.2,72.12 1 0
gitlab.ozon.dev/safariproxd/homework/internal/adapter/cli/errors.go:12.47,14.2 1 0
gitlab.ozon.dev/safariproxd/homework/internal/adapter/cli/errors.go:16.47,18.2 1 0
gitlab.ozon.dev/safariproxd/homework/internal/adapter/cli/errors.go:20.48,22.2 1 0
gitlab.ozon.dev/safariproxd/homework/internal/adapter/cli/errors.go:24.50,26.2 1 0
gitlab.ozon.dev/safariproxd/homework/internal/adapter/cli/errors.go:28.51,30.2 1 0
gitlab.ozon.dev/safariproxd/homework/internal/adapter/cli/errors.go:32.48,34.2 1 0
gitlab.ozon.dev/safariproxd/homework/internal/adapter/cli/errors.go:36.37,38.2 1 0
gitlab.ozon.dev/safariproxd/homework/internal/adapter/cli/errors.go:40.32,41.16 1 0
gitlab.ozon.dev/safariproxd/homework/internal/adapter/cli/errors.go:41.16,43.3 1 0
gitlab.ozon.dev/safariproxd/homework/internal/adapter/cli/errors.go:46.2,46.49 1 0
gitlab.ozon.dev/safariproxd/homework/internal/adapter/cli/errors.go:46.49,48.26 2 0
gitlab.ozon.dev/safariproxd/homework/internal/adapter/cli/errors.go:48.26,50.4 1 0
gitlab.ozon.dev/safariproxd/homework/internal/adapter/cli/errors.go:51.3,51.56 1 0
gitlab.ozon.dev/safariproxd/homework/internal/adapter/cli/errors.go:54.2,54.32 1 0
gitlab.ozon.dev/safariproxd/homework/internal/adapter/cli/errors.go:57.42,58.16 1 0
gitlab.ozon.dev/safariproxd/homework/internal/adapter/cli/errors.go:58.16,60.3 1 0
gitlab.ozon.dev/safariproxd/homework/internal/adapter/cli/errors.go:62.2,63.32 2 0
gitlab.ozon.dev/safariproxd/homework/internal/adapter/cli/errors.go:63.32,64.25 1 0
gitlab.ozon.dev/safariproxd/homework/internal/adapter/cli/errors.go:65.33,66.48 1 0
gitlab.ozon.dev/safariproxd/homework/internal/adapter/cli/errors.go:67.38,68.48 1 0
gitlab.ozon.dev/safariproxd/homework/internal/adapter/cli/errors.go:69.39,70.49 1 0
gitlab.ozon.dev/safariproxd/homework/internal/adapter/cli/errors.go:71.41,72.51 1 0
gitlab.ozon.dev/safariproxd/homework/internal/adapter/cli/errors.go:73.37,74.51 1 0
gitlab.ozon.dev/safariproxd/homework/internal/adapter/cli/errors.go:75.47,76.51 1 0
gitlab.ozon.dev/safariproxd/homework/internal/adapter/cli/errors.go:77.41,78.51 1 0
gitlab.ozon.dev/safariproxd/homework/internal/adapter/cli/errors.go:79.44,80.51 1 0
gitlab.ozon.dev/safariproxd/homework/internal/adapter/cli/errors.go:81.42,82.52 1 0
gitlab.ozon.dev/safariproxd/homework/internal/adapter/cli/errors.go:83.44,84.51 1 0
gitlab.ozon.dev/safariproxd/homework/internal/adapter/cli/errors.go:85.33,86.51 1 0
gitlab.ozon.dev/safariproxd/homework/internal/adapter/cli/errors.go:87.39,88.51 1 0
gitlab.ozon.dev/safariproxd/homework/internal/adapter/cli/errors.go:89.39,90.49 1 0
gitlab.ozon.dev/safariproxd/homework/internal/adapter/cli/errors.go:91.11,92.29 1 0
gitlab.ozon.dev/safariproxd/homework/internal/adapter/cli/errors.go:98.2,99.9 2 0
gitlab.ozon.dev/safariproxd/homework/internal/adapter/cli/errors.go:100.87,101.67 1 0
gitlab.ozon.dev/safariproxd/homework/internal/adapter/cli/errors.go:102.88,103.68 1 0
gitlab.ozon.dev/safariproxd/homework/internal/adapter/cli/errors.go:104.86,105.66 1 0
gitlab.ozon.dev/safariproxd/homework/internal/adapter/cli/errors.go:106.85,107.65 1 0
gitlab.ozon.dev/safariproxd/homework/internal/adapter/cli/errors.go:108.49,109.69 1 0
gitlab.ozon.dev/safariproxd/homework/internal/adapter/cli/errors.go:110.55,111.68 1 0
gitlab.ozon.dev/safariproxd/homework/internal/adapter/cli/errors.go:112.45,113.47 1 0
gitlab.ozon.dev/safariproxd/homework/internal/adapter/cli/errors.go:114.40,115.61 1 0
gitlab.ozon.dev/safariproxd/homework/internal/adapter/cli/errors.go:118.2,118.27 1 0
gitlab.ozon.dev/safariproxd/homework/internal/adapter/cli/get_orders.go:9.81,11.16 2 0
gitlab.ozon.dev/safariproxd/homework/internal/adapter/cli/get_orders.go:11.16,13.3 1 0
gitlab.ozon.dev/safariproxd/homework/internal/adapter/cli/get_orders.go:14.2,15.16 2 0
gitlab.ozon.dev/safariproxd/homework/internal/adapter/cli/get_orders.go:15.16,17.3 1 0
gitlab.ozon.dev/safariproxd/homework/internal/adapter/cli/get_orders.go:19.2,19.15 1 0
gitlab.ozon.dev/safariproxd/homework/internal/adapter/cli/get_orders.go:19.15,21.3 1 0
gitlab.ozon.dev/safariproxd/homework/internal/adapter/cli/get_orders.go:22.2,22.16 1 0
gitlab.ozon.dev/safariproxd/homework/internal/adapter/cli/get_orders.go:22.16,24.3 1 0
gitlab.ozon.dev/safariproxd/homework/internal/adapter/cli/get_orders.go:26.2,27.16 2 0
gitlab.ozon.dev/safariproxd/homework/internal/adapter/cli/get_orders.go:27.16,29.3 1 0
gitlab.ozon.dev/safariproxd/homework/internal/adapter/cli/get_orders.go:31.2,31.33 1 0
gitlab.ozon.dev/safariproxd/homework/internal/adapter/cli/get_orders.go:31.33,33.3 1 0
gitlab.ozon.dev/safariproxd/homework/internal/adapter/cli/get_orders.go:33.8,34.43 1 0
gitlab.ozon.dev/safariproxd/homework/internal/adapter/cli/get_orders.go:34.43,36.4 1 0
gitlab.ozon.dev/safariproxd/homework/internal/adapter/cli/get_orders.go:38.2,40.12 3 0
gitlab.ozon.dev/safariproxd/homework/internal/adapter/cli/get_orders.go:43.85,45.16 2 0
gitlab.ozon.dev/safariproxd/homework/internal/adapter/cli/get_orders.go:45.16,47.3 1 0
gitlab.ozon.dev/safariproxd/homework/internal/adapter/cli/get_orders.go:49.2,49.25 1 0
gitlab.ozon.dev/safariproxd/homework/internal/adapter/cli/get_orders.go:49.25,52.3 2 0
gitlab.ozon.dev/safariproxd/homework/internal/adapter/cli/get_orders.go:54.2,54.34 1 0
gitlab.ozon.dev/safariproxd/homework/internal/adapter/cli/get_orders.go:54.34,60.3 1 0
gitlab.ozon.dev/safariproxd/homework/internal/adapter/cli/get_orders.go:61.2,61.12 1 0
gitlab.ozon.dev/safariproxd/homework/internal/adapter/cli/import_orders.go:12.80,14.34 2 0
gitlab.ozon.dev/safariproxd/homework/internal/adapter/cli/import_orders.go:14.34,16.3 1 0
gitlab.ozon.dev/safariproxd/homework/internal/adapter/cli/import_orders.go:18.2,19.16 2 0
gitlab.ozon.dev/safariproxd/homework/internal/adapter/cli/import_orders.go:19.16,21.3 1 0
gitlab.ozon.dev/safariproxd/homework/internal/adapter/cli/import_orders.go:23.2,24.62 2 0
gitlab.ozon.dev/safariproxd/homework/internal/adapter/cli/import_orders.go:24.62,26.3 1 0
gitlab.ozon.dev/safariproxd/homework/internal/adapter/cli/import_orders.go:28.2,29.16 2 0
gitlab.ozon.dev/safariproxd/homework/internal/adapter/cli/import_orders.go:29.16,30.24 1 0
gitlab.ozon.dev/safariproxd/homework/internal/adapter/cli/import_orders.go:30.24,32.4 1 0
gitlab.ozon.dev/safariproxd/homework/internal/adapter/cli/import_orders.go:33.3,33.13 1 0
gitlab.ozon.dev/safariproxd/homework/internal/adapter/cli/import_orders.go:36.2,37.12 2 0
gitlab.ozon.dev/safariproxd/homework/internal/adapter/cli/list_orders.go:9.78,11.16 2 0
gitlab.ozon.dev/safariproxd/homework/internal/adapter/cli/list_orders.go:11.16,13.3 1 0
gitlab.ozon.dev/safariproxd/homework/internal/adapter/cli/list_orders.go:14.2,15.16 2 0
gitlab.ozon.dev/safariproxd/homework/internal/adapter/cli/list_orders.go:15.16,17.3 1 0
gitlab.ozon.dev/safariproxd/homework/internal/adapter/cli/list_orders.go:18.2,19.16 2 0
gitlab.ozon.dev/safariproxd/homework/internal/adapter/cli/list_orders.go:19.16,21.3 1 0
gitlab.ozon.dev/safariproxd/homework/internal/adapter/cli/list_orders.go:22.2,23.16 2 0
gitlab.ozon.dev/safariproxd/homework/internal/adapter/cli/list_orders.go:23.16,25.3 1 0
gitlab.ozon.dev/safariproxd/homework/internal/adapter/cli/list_orders.go:26.2,27.16 2 0
gitlab.ozon.dev/safariproxd/homework/internal/adapter/cli/list_orders.go:27.16,29.3 1 0
gitlab.ozon.dev/safariproxd/homework/internal/adapter/cli/list_orders.go:31.2,31.42 1 0
gitlab.ozon.dev/safariproxd/homework/internal/adapter/cli/list_orders.go:31.42,33.3 1 0
gitlab.ozon.dev/safariproxd/homework/internal/adapter/cli/list_orders.go:35.2,35.15 1 0
gitlab.ozon.dev/safariproxd/homework/internal/adapter/cli/list_orders.go:35.15,37.3 1 0
gitlab.ozon.dev/safariproxd/homework/internal/adapter/cli/list_orders.go:38.2,38.16 1 0
gitlab.ozon.dev/safariproxd/homework/internal/adapter/cli/list_orders.go:38.16,40.3 1 0
gitlab.ozon.dev/safariproxd/homework/internal/adapter/cli/list_orders.go:42.2,43.16 2 0
gitlab.ozon.dev/safariproxd/homework/internal/adapter/cli/list_orders.go:43.16,45.3 1 0
gitlab.ozon.dev/safariproxd/homework/internal/adapter/cli/list_orders.go:47.2,47.22 1 0
gitlab.ozon.dev/safariproxd/homework/internal/adapter/cli/list_orders.go:47.22,49.3 1 0
gitlab.ozon.dev/safariproxd/homework/internal/adapter/cli/list_orders.go:49.8,50.32 1 0
gitlab.ozon.dev/safariproxd/homework/internal/adapter/cli/list_orders.go:50.32,60.4 1 0
gitlab.ozon.dev/safariproxd/homework/internal/adapter/cli/list_orders.go:62.2,63.12 2 0
gitlab.ozon.dev/safariproxd/homework/internal/adapter/cli/mapping.go:9.57,11.2 1 0
gitlab.ozon.dev/safariproxd/homework/internal/adapter/cli/mapping.go:13.42,15.2 1 0
gitlab.ozon.dev/safariproxd/homework/internal/adapter/cli/mapping.go:17.48,18.23 1 0
gitlab.ozon.dev/safariproxd/homework/internal/adapter/cli/mapping.go:18.23,20.3 1 0
gitlab.ozon.dev/safariproxd/homework/internal/adapter/cli/mapping.go:21.2,21.20 1 0
gitlab.ozon.dev/safariproxd/homework/internal/adapter/cli/process_orders.go:11.77,13.16 2 0
gitlab.ozon.dev/safariproxd/homework/internal/adapter/cli/process_orders.go:13.16,15.3 1 0
gitlab.ozon.dev/safariproxd/homework/internal/adapter/cli/process_orders.go:16.2,17.16 2 0
gitlab.ozon.dev/safariproxd/homework/internal/adapter/cli/process_orders.go:17.16,19.3 1 0
gitlab.ozon.dev/safariproxd/homework/internal/adapter/cli/process_orders.go:20.2,21.16 2 0
gitlab.ozon.dev/safariproxd/homework/internal/adapter/cli/process_orders.go:21.16,23.3 1 0
gitlab.ozon.dev/safariproxd/homework/internal/adapter/cli/process_orders.go:25.2,25.45 1 0
gitlab.ozon.dev/safariproxd/homework/internal/adapter/cli/process_orders.go:25.45,27.3 1 0
gitlab.ozon.dev/safariproxd/homework/internal/adapter/cli/process_orders.go:29.2,31.35 3 0
gitlab.ozon.dev/safariproxd/homework/internal/adapter/cli/process_orders.go:31.35,33.17 2 0
gitlab.ozon.dev/safariproxd/homework/internal/adapter/cli/process_orders.go:33.17,35.4 1 0
gitlab.ozon.dev/safariproxd/homework/internal/adapter/cli/process_orders.go:36.3,36.39 1 0
gitlab.ozon.dev/safariproxd/homework/internal/adapter/cli/process_orders.go:38.2,38.23 1 0
gitlab.ozon.dev/safariproxd/homework/internal/adapter/cli/process_orders.go:38.23,40.3 1 0
gitlab.ozon.dev/safariproxd/homework/internal/adapter/cli/process_orders.go:40.8,42.3 1 0
gitlab.ozon.dev/safariproxd/homework/internal/adapter/cli/process_orders.go:44.2,44.16 1 0
gitlab.ozon.dev/safariproxd/homework/internal/adapter/cli/process_orders.go:44.16,46.3 1 0
gitlab.ozon.dev/safariproxd/homework/internal/adapter/cli/process_orders.go:48.2,48.35 1 0
gitlab.ozon.dev/safariproxd/homework/internal/adapter/cli/process_orders.go:48.35,50.3 1 0
gitlab.ozon.dev/safariproxd/homework/internal/adapter/cli/process_orders.go:51.2,51.12 1 0
gitlab.ozon.dev/safariproxd/homework/internal/adapter/cli/register.go:5.63,93.2 48 0
gitlab.ozon.dev/safariproxd/homework/internal/adapter/cli/return_order_courier.go:9.73,11.16 2 0
gitlab.ozon.dev/safariproxd/homework/internal/adapter/cli/return_order_courier.go:11.16,13.3 1 0
gitlab.ozon.dev/safariproxd/homework/internal/adapter/cli/return_order_courier.go:15.2,16.16 2 0
gitlab.ozon.dev/safariproxd/homework/internal/adapter/cli/return_order_courier.go:16.16,18.3 1 0
gitlab.ozon.dev/safariproxd/homework/internal/adapter/cli/return_order_courier.go:19.2,20.12 2 0
gitlab.ozon.dev/safariproxd/homework/internal/adapter/cli/scroll_orders.go:13.80,15.16 2 0
gitlab.ozon.dev/safariproxd/homework/internal/adapter/cli/scroll_orders.go:15.16,17.3 1 0
gitlab.ozon.dev/safariproxd/homework/internal/adapter/cli/scroll_orders.go:18.2,19.16 2 0
gitlab.ozon.dev/safariproxd/homework/internal/adapter/cli/scroll_orders.go:19.16,21.3 1 0
gitlab.ozon.dev/safariproxd/homework/internal/adapter/cli/scroll_orders.go:23.2,23.16 1 0
gitlab.ozon.dev/safariproxd/homework/internal/adapter/cli/scroll_orders.go:23.16,25.3 1 0
gitlab.ozon.dev/safariproxd/homework/internal/adapter/cli/scroll_orders.go:27.2,30.16 4 0
gitlab.ozon.dev/safariproxd/homework/internal/adapter/cli/scroll_orders.go:30.16,32.3 1 0
gitlab.ozon.dev/safariproxd/homework/internal/adapter/cli/scroll_orders.go:33.2,36.6 3 0
gitlab.ozon.dev/safariproxd/homework/internal/adapter/cli/scroll_orders.go:36.6,37.45 1 0
gitlab.ozon.dev/safariproxd/homework/internal/adapter/cli/scroll_orders.go:37.45,39.9 2 0
gitlab.ozon.dev/safariproxd/homework/internal/adapter/cli/scroll_orders.go:42.3,44.22 2 0
gitlab.ozon.dev/safariproxd/homework/internal/adapter/cli/scroll_orders.go:44.22,45.9 1 0
gitlab.ozon.dev/safariproxd/homework/internal/adapter/cli/scroll_orders.go:48.3,49.18 2 0
gitlab.ozon.dev/safariproxd/homework/internal/adapter/cli/scroll_orders.go:49.18,50.12 1 0
gitlab.ozon.dev/safariproxd/homework/internal/adapter/cli/scroll_orders.go:53.3,53.33 1 0
gitlab.ozon.dev/safariproxd/homework/internal/adapter/cli/scroll_orders.go:54.15,55.26 1 0
gitlab.ozon.dev/safariproxd/homework/internal/adapter/cli/scroll_orders.go:55.26,57.13 2 0
gitlab.ozon.dev/safariproxd/homework/internal/adapter/cli/scroll_orders.go:59.4,60.18 2 0
gitlab.ozon.dev/safariproxd/homework/internal/adapter/cli/scroll_orders.go:60.18,62.5 1 0
gitlab.ozon.dev/safariproxd/homework/internal/adapter/cli/scroll_orders.go:63.4,64.30 2 0
gitlab.ozon.dev/safariproxd/homework/internal/adapter/cli/scroll_orders.go:65.15,67.14 2 0
gitlab.ozon.dev/safariproxd/homework/internal/adapter/cli/scroll_orders.go:68.11,69.85 1 0
gitlab.ozon.dev/safariproxd/homework/internal/adapter/cli/scroll_orders.go:73.2,73.38 1 0
gitlab.ozon.dev/safariproxd/homework/internal/adapter/cli/scroll_orders.go:73.38,75.3 1 0
gitlab.ozon.dev/safariproxd/homework/internal/adapter/cli/scroll_orders.go:76.2,76.12 1 0
gitlab.ozon.dev/safariproxd/homework/internal/adapter/cli/scroll_orders.go:79.83,80.22 1 0
gitlab.ozon.dev/safariproxd/homework/internal/adapter/cli/scroll_orders.go:80.22,82.3 1 0
gitlab.ozon.dev/safariproxd/homework/internal/adapter/cli/scroll_orders.go:82.8,83.32 1 0
gitlab.ozon.dev/safariproxd/homework/internal/adapter/cli/scroll_orders.go:83.32,85.25 2 0
gitlab.ozon.dev/safariproxd/homework/internal/adapter/cli/scroll_orders.go:85.25,87.5 1 0
gitlab.ozon.dev/safariproxd/homework/internal/adapter/cli/scroll_orders.go:88.4,96.5 1 0
gitlab.ozon.dev/safariproxd/homework/internal/adapter/cli/scroll_orders.go:99.2,99.20 1 0
gitlab.ozon.dev/safariproxd/homework/internal/adapter/cli/scroll_orders.go:99.20,101.3 1 0
gitlab.ozon.dev/safariproxd/homework/internal/adapter/cli/scroll_orders.go:101.8,103.3 1 0
gitlab.ozon.dev/safariproxd/homework/internal/config/config.go:37.35,41.2 1 0
gitlab.ozon.dev/safariproxd/homework/internal/config/config.go:43.36,47.2 1 0
gitlab.ozon.dev/safariproxd/homework/internal/config/config.go:49.41,51.16 2 0
gitlab.ozon.dev/safariproxd/homework/internal/config/config.go:51.16,53.3 1 0
gitlab.ozon.dev/safariproxd/homework/internal/config/config.go:55.2,56.51 2 0
gitlab.ozon.dev/safariproxd/homework/internal/config/config.go:56.51,58.3 1 0
gitlab.ozon.dev/safariproxd/homework/internal/config/config.go:60.2,60.40 1 0
gitlab.ozon.dev/safariproxd/homework/internal/config/config.go:60.40,62.3 1 0
gitlab.ozon.dev/safariproxd/homework/internal/config/config.go:63.2,63.18 1 0
gitlab.ozon.dev/safariproxd/homework/internal/app/mock/order_repository_mock.go:87.69,90.55 2 0
gitlab.ozon.dev/safariproxd/homework/internal/app/mock/order_repository_mock.go:90.55,92.3 1 0
gitlab.ozon.dev/safariproxd/homework/internal/app/mock/order_repository_mock.go:94.2,123.10 20 0
gitlab.ozon.dev/safariproxd/homework/internal/app/mock/order_repository_mock.go:177.102,180.2 2 0
gitlab.ozon.dev/safariproxd/homework/internal/app/mock/order_repository_mock.go:183.119,184.49 1 0
gitlab.ozon.dev/safariproxd/homework/internal/app/mock/order_repository_mock.go:184.49,186.3 1 0
gitlab.ozon.dev/safariproxd/homework/internal/app/mock/order_repository_mock.go:188.2,188.46 1 0
gitlab.ozon.dev/safariproxd/homework/internal/app/mock/order_repository_mock.go:188.46,190.3 1 0
gitlab.ozon.dev/safariproxd/homework/internal/app/mock/order_repository_mock.go:192.2,192.56 1 0
gitlab.ozon.dev/safariproxd/homework/internal/app/mock/order_repository_mock.go:192.56,194.3 1 0
gitlab.ozon.dev/safariproxd/homework/internal/app/mock/order_repository_mock.go:196.2,198.48 3 0
gitlab.ozon.dev/safariproxd/homework/internal/app/mock/order_repository_mock.go:198.48,199.73 1 0
gitlab.ozon.dev/safariproxd/homework/internal/app/mock/order_repository_mock.go:199.73,201.4 1 0
gitlab.ozon.dev/safariproxd/homework/internal/app/mock/order_repository_mock.go:204.2,204.23 1 0
gitlab.ozon.dev/safariproxd/homework/internal/app/mock/order_repository_mock.go:208.128,209.49 1 0
gitlab.ozon.dev/safariproxd/homework/internal/app/mock/order_repository_mock.go:209.49,211.3 1 0
gitlab.ozon.dev/safariproxd/homework/internal/app/mock/order_repository_mock.go:213.2,213.46 1 0
gitlab.ozon.dev/safariproxd/homework/internal/app/mock/order_repository_mock.go:213.46,215.3 1 0
gitlab.ozon.dev/safariproxd/homework/internal/app/mock/order_repository_mock.go:217.2,217.53 1 0
gitlab.ozon.dev/safariproxd/homework/internal/app/mock/order_repository_mock.go:217.53,219.3 1 0
gitlab.ozon.dev/safariproxd/homework/internal/app/mock/order_repository_mock.go:221.2,221.56 1 0
gitlab.ozon.dev/safariproxd/homework/internal/app/mock/order_repository_mock.go:221.56,223.3 1 0
gitlab.ozon.dev/safariproxd/homework/internal/app/mock/order_repository_mock.go:224.2,227.23 3 0
gitlab.ozon.dev/safariproxd/homework/internal/app/mock/order_repository_mock.go:231.128,232.56 1 0
gitlab.ozon.dev/safariproxd/homework/internal/app/mock/order_repository_mock.go:232.56,234.3 1 0
gitlab.ozon.dev/safariproxd/homework/internal/app/mock/order_repository_mock.go:236.2,238.23 2 0
gitlab.ozon.dev/safariproxd/homework/internal/app/mock/order_repository_mock.go:242.116,243.49 1 0
gitlab.ozon.dev/safariproxd/homework/internal/app/mock/order_repository_mock.go:243.49,245.3 1 0
gitlab.ozon.dev/safariproxd/homework/internal/app/mock/order_repository_mock.go:247.2,247.46 1 0
gitlab.ozon.dev/safariproxd/homework/internal/app/mock/order_repository_mock.go:247.46,249.3 1 0
gitlab.ozon.dev/safariproxd/homework/internal/app/mock/order_repository_mock.go:250.2,252.28 3 0
gitlab.ozon.dev/safariproxd/homework/internal/app/mock/order_repository_mock.go:256.143,257.46 1 0
gitlab.ozon.dev/safariproxd/homework/internal/app/mock/order_repository_mock.go:257.46,259.3 1 0
gitlab.ozon.dev/safariproxd/homework/internal/app/mock/order_repository_mock.go:261.2,261.42 1 0
gitlab.ozon.dev/safariproxd/homework/internal/app/mock/order_repository_mock.go:261.42,263.3 1 0
gitlab.ozon.dev/safariproxd/homework/internal/app/mock/order_repository_mock.go:265.2,267.28 3 0
gitlab.ozon.dev/safariproxd/homework/internal/app/mock/order_repository_mock.go:272.127,273.49 1 0
gitlab.ozon.dev/safariproxd/homework/internal/app/mock/order_repository_mock.go:273.49,275.3 1 0
gitlab.ozon.dev/safariproxd/homework/internal/app/mock/order_repository_mock.go:277.2,283.20 3 0
gitlab.ozon.dev/safariproxd/homework/internal/app/mock/order_repository_mock.go:287.111,290.2 2 0
gitlab.ozon.dev/safariproxd/homework/internal/app/mock/order_repository_mock.go:293.107,294.12 1 0
gitlab.ozon.dev/safariproxd/homework/internal/app/mock/order_repository_mock.go:294.12,296.3 1 0
gitlab.ozon.dev/safariproxd/homework/internal/app/mock/order_repository_mock.go:297.2,299.23 3 0
gitlab.ozon.dev/safariproxd/homework/internal/app/mock/order_repository_mock.go:302.80,303.134 1 0
gitlab.ozon.dev/safariproxd/homework/internal/app/mock/order_repository_mock.go:303.134,305.3 1 0
gitlab.ozon.dev/safariproxd/homework/internal/app/mock/order_repository_mock.go:307.2,310.102 3 0
gitlab.ozon.dev/safariproxd/homework/internal/app/mock/order_repository_mock.go:314.110,320.51 4 0
gitlab.ozon.dev/safariproxd/homework/internal/app/mock/order_repository_mock.go:320.51,322.3 1 0
gitlab.ozon.dev/safariproxd/homework/internal/app/mock/order_repository_mock.go:324.2,331.65 5 0
gitlab.ozon.dev/safariproxd/homework/internal/app/mock/order_repository_mock.go:331.65,332.43 1 0
gitlab.ozon.dev/safariproxd/homework/internal/app/mock/order_repository_mock.go:332.43,335.4 2 0
gitlab.ozon.dev/safariproxd/homework/internal/app/mock/order_repository_mock.go:338.2,338.63 1 0
gitlab.ozon.dev/safariproxd/homework/internal/app/mock/order_repository_mock.go:338.63,345.26 5 0
gitlab.ozon.dev/safariproxd/homework/internal/app/mock/order_repository_mock.go:345.26,347.81 1 0
gitlab.ozon.dev/safariproxd/homework/internal/app/mock/order_repository_mock.go:347.81,350.5 1 0
gitlab.ozon.dev/safariproxd/homework/internal/app/mock/order_repository_mock.go:352.9,352.65 1 0
gitlab.ozon.dev/safariproxd/homework/internal/app/mock/order_repository_mock.go:352.65,355.4 1 0
gitlab.ozon.dev/safariproxd/homework/internal/app/mock/order_repository_mock.go:357.3,358.24 2 0
gitlab.ozon.dev/safariproxd/homework/internal/app/mock/order_repository_mock.go:358.24,360.4 1 0
gitlab.ozon.dev/safariproxd/homework/internal/app/mock/order_repository_mock.go:361.3,361.46 1 0
gitlab.ozon.dev/safariproxd/homework/internal/app/mock/order_repository_mock.go:363.2,363.44 1 0
gitlab.ozon.dev/safariproxd/homework/internal/app/mock/order_repository_mock.go:363.44,365.3 1 0
gitlab.ozon.dev/safariproxd/homework/internal/app/mock/order_repository_mock.go:366.2,367.8 2 0
gitlab.ozon.dev/safariproxd/homework/internal/app/mock/order_repository_mock.go:371.78,373.2 1 0
gitlab.ozon.dev/safariproxd/homework/internal/app/mock/order_repository_mock.go:376.79,378.2 1 0
gitlab.ozon.dev/safariproxd/homework/internal/app/mock/order_repository_mock.go:382.106,391.2 5 0
gitlab.ozon.dev/safariproxd/homework/internal/app/mock/order_repository_mock.go:395.63,396.33 1 0
gitlab.ozon.dev/safariproxd/homework/internal/app/mock/order_repository_mock.go:396.33,399.3 1 0
gitlab.ozon.dev/safariproxd/homework/internal/app/mock/order_repository_mock.go:401.2,401.52 1 0
gitlab.ozon.dev/safariproxd/homework/internal/app/mock/order_repository_mock.go:401.52,402.43 1 0
gitlab.ozon.dev/safariproxd/homework/internal/app/mock/order_repository_mock.go:402.43,404.4 1 0
gitlab.ozon.dev/safariproxd/homework/internal/app/mock/order_repository_mock.go:407.2,407.45 1 0
gitlab.ozon.dev/safariproxd/homework/internal/app/mock/order_repository_mock.go:411.61,412.52 1 0
gitlab.ozon.dev/safariproxd/homework/internal/app/mock/order_repository_mock.go:412.52,413.43 1 0
gitlab.ozon.dev/safariproxd/homework/internal/app/mock/order_repository_mock.go:413.43,415.4 1 0
gitlab.ozon.dev/safariproxd/homework/internal/app/mock/order_repository_mock.go:418.2,420.82 2 0
gitlab.ozon.dev/safariproxd/homework/internal/app/mock/order_repository_mock.go:420.82,421.58 1 0
gitlab.ozon.dev/safariproxd/homework/internal/app/mock/order_repository_mock.go:421.58,423.4 1 0
gitlab.ozon.dev/safariproxd/homework/internal/app/mock/order_repository_mock.go:423.9,425.4 1 0
gitlab.ozon.dev/safariproxd/homework/internal/app/mock/order_repository_mock.go:428.2,428.63 1 0
gitlab.ozon.dev/safariproxd/homework/internal/app/mock/order_repository_mock.go:428.63,430.3 1 0
gitlab.ozon.dev/safariproxd/homework/internal/app/mock/order_repository_mock.go:432.2,432.75 1 0
gitlab.ozon.dev/safariproxd/homework/internal/app/mock/order_repository_mock.go:432.75,435.3 1 0
gitlab.ozon.dev/safariproxd/homework/internal/app/mock/order_repository_mock.go:492.87,495.2 2 0
gitlab.ozon.dev/safariproxd/homework/internal/app/mock/order_repository_mock.go:498.120,499.39 1 0
gitlab.ozon.dev/safariproxd/homework/internal/app/mock/order_repository_mock.go:499.39,501.3 1 0
gitlab.ozon.dev/safariproxd/homework/internal/app/mock/order_repository_mock.go:503.2,503.41 1 0
gitlab.ozon.dev/safariproxd/homework/internal/app/mock/order_repository_mock.go:503.41,505.3 1 0
gitlab.ozon.dev/safariproxd/homework/internal/app/mock/order_repository_mock.go:507.2,507.51 1 0
gitlab.ozon.dev/safariproxd/homework/internal/app/mock/order_repository_mock.go:507.51,509.3 1 0
gitlab.ozon.dev/safariproxd/homework/internal/app/mock/order_repository_mock.go:511.2,513.43 3 0
gitlab.ozon.dev/safariproxd/homework/internal/app/mock/order_repository_mock.go:513.43,514.68 1 0
gitlab.ozon.dev/safariproxd/homework/internal/app/mock/order_repository_mock.go:514.68,516.4 1 0
gitlab.ozon.dev/safariproxd/homework/internal/app/mock/order_repository_mock.go:519.2,519.18 1 0
gitlab.ozon.dev/safariproxd/homework/internal/app/mock/order_repository_mock.go:523.113,524.39 1 0
gitlab.ozon.dev/safariproxd/homework/internal/app/mock/order_repository_mock.go:524.39,526.3 1 0
gitlab.ozon.dev/safariproxd/homework/internal/app/mock/order_repository_mock.go:528.2,528.41 1 0
gitlab.ozon.dev/safariproxd/homework/internal/app/mock/order_repository_mock.go:528.41,530.3 1 0
gitlab.ozon.dev/safariproxd/homework/internal/app/mock/order_repository_mock.go:532.2,532.48 1 0
gitlab.ozon.dev/safariproxd/homework/internal/app/mock/order_repository_mock.go:532.48,534.3 1 0
gitlab.ozon.dev/safariproxd/homework/internal/app/mock/order_repository_mock.go:536.2,536.51 1 0
gitlab.ozon.dev/safariproxd/homework/internal/app/mock/order_repository_mock.go:536.51,538.3 1 0
gitlab.ozon.dev/safariproxd/homework/internal/app/mock/order_repository_mock.go:539.2,542.18 3 0
gitlab.ozon.dev/safariproxd/homework/internal/app/mock/order_repository_mock.go:546.112,547.39 1 0
gitlab.ozon.dev/safariproxd/homework/internal/app/mock/order_repository_mock.go:547.39,549.3 1 0
gitlab.ozon.dev/safariproxd/homework/internal/app/mock/order_repository_mock.go:551.2,551.41 1 0
gitlab.ozon.dev/safariproxd/homework/internal/app/mock/order_repository_mock.go:551.41,553.3 1 0
gitlab.ozon.dev/safariproxd/homework/internal/app/mock/order_repository_mock.go:555.2,555.48 1 0
gitlab.ozon.dev/safariproxd/homework/internal/app/mock/order_repository_mock.go:555.48,557.3 1 0
gitlab.ozon.dev/safariproxd/homework/internal/app/mock/order_repository_mock.go:559.2,559.51 1 0
gitlab.ozon.dev/safariproxd/homework/internal/app/mock/order_repository_mock.go:559.51,561.3 1 0
gitlab.ozon.dev/safariproxd/homework/internal/app/mock/order_repository_mock.go:562.2,565.18 3 0
gitlab.ozon.dev/safariproxd/homework/internal/app/mock/order_repository_mock.go:569.129,570.46 1 0
gitlab.ozon.dev/safariproxd/homework/internal/app/mock/order_repository_mock.go:570.46,572.3 1 0
gitlab.ozon.dev/safariproxd/homework/internal/app/mock/order_repository_mock.go:574.2,576.18 2 0
gitlab.ozon.dev/safariproxd/homework/internal/app/mock/order_repository_mock.go:580.103,581.39 1 0
gitlab.ozon.dev/safariproxd/homework/internal/app/mock/order_repository_mock.go:581.39,583.3 1 0
gitlab.ozon.dev/safariproxd/homework/internal/app/mock/order_repository_mock.go:585.2,585.41 1 0
gitlab.ozon.dev/safariproxd/homework/internal/app/mock/order_repository_mock.go:585.41,587.3 1 0
gitlab.ozon.dev/safariproxd/homework/internal/app/mock/order_repository_mock.go:588.2,590.23 3 0
gitlab.ozon.dev/safariproxd/homework/internal/app/mock/order_repository_mock.go:594.146,595.41 1 0
gitlab.ozon.dev/safariproxd/homework/internal/app/mock/order_repository_mock.go:595.41,597.3 1 0
gitlab.ozon.dev/safariproxd/homework/internal/app/mock/order_repository_mock.go:599.2,599.37 1 0
gitlab.ozon.dev/safariproxd/homework/internal/app/mock/order_repository_mock.go:599.37,601.3 1 0
gitlab.ozon.dev/safariproxd/homework/internal/app/mock/order_repository_mock.go:603.2,605.23 3 0
gitlab.ozon.dev/safariproxd/homework/internal/app/mock/order_repository_mock.go:610.128,611.39 1 0
gitlab.ozon.dev/safariproxd/homework/internal/app/mock/order_repository_mock.go:611.39,613.3 1 0
gitlab.ozon.dev/safariproxd/homework/internal/app/mock/order_repository_mock.go:615.2,621.20 3 0
gitlab.ozon.dev/safariproxd/homework/internal/app/mock/order_repository_mock.go:625.103,628.2 2 0
gitlab.ozon.dev/safariproxd/homework/internal/app/mock/order_repository_mock.go:631.92,632.12 1 0
gitlab.ozon.dev/safariproxd/homework/internal/app/mock/order_repository_mock.go:632.12,634.3 1 0
gitlab.ozon.dev/safariproxd/homework/internal/app/mock/order_repository_mock.go:635.2,637.18 3 0
gitlab.ozon.dev/safariproxd/homework/internal/app/mock/order_repository_mock.go:640.70,641.114 1 0
gitlab.ozon.dev/safariproxd/homework/internal/app/mock/order_repository_mock.go:641.114,643.3 1 0
gitlab.ozon.dev/safariproxd/homework/internal/app/mock/order_repository_mock.go:645.2,648.102 3 0
gitlab.ozon.dev/safariproxd/homework/internal/app/mock/order_repository_mock.go:652.113,658.41 4 0
gitlab.ozon.dev/safariproxd/homework/internal/app/mock/order_repository_mock.go:658.41,660.3 1 0
gitlab.ozon.dev/safariproxd/homework/internal/app/mock/order_repository_mock.go:662.2,669.55 5 0
gitlab.ozon.dev/safariproxd/homework/internal/app/mock/order_repository_mock.go:669.55,670.43 1 0
gitlab.ozon.dev/safariproxd/homework/internal/app/mock/order_repository_mock.go:670.43,673.4 2 0
gitlab.ozon.dev/safariproxd/homework/internal/app/mock/order_repository_mock.go:676.2,676.53 1 0
gitlab.ozon.dev/safariproxd/homework/internal/app/mock/order_repository_mock.go:676.53,683.26 5 0
gitlab.ozon.dev/safariproxd/homework/internal/app/mock/order_repository_mock.go:683.26,685.81 1 0
gitlab.ozon.dev/safariproxd/homework/internal/app/mock/order_repository_mock.go:685.81,688.5 1 0
gitlab.ozon.dev/safariproxd/homework/internal/app/mock/order_repository_mock.go:690.4,690.93 1 0
gitlab.ozon.dev/safariproxd/homework/internal/app/mock/order_repository_mock.go:690.93,693.5 1 0
gitlab.ozon.dev/safariproxd/homework/internal/app/mock/order_repository_mock.go:695.9,695.65 1 0
gitlab.ozon.dev/safariproxd/homework/internal/app/mock/order_repository_mock.go:695.65,698.4 1 0
gitlab.ozon.dev/safariproxd/homework/internal/app/mock/order_repository_mock.go:700.3,701.24 2 0
gitlab.ozon.dev/safariproxd/homework/internal/app/mock/order_repository_mock.go:701.24,703.4 1 0
gitlab.ozon.dev/safariproxd/homework/internal/app/mock/order_repository_mock.go:704.3,704.45 1 0
gitlab.ozon.dev/safariproxd/homework/internal/app/mock/order_repository_mock.go:706.2,706.34 1 0
gitlab.ozon.dev/safariproxd/homework/internal/app/mock/order_repository_mock.go:706.34,708.3 1 0
gitlab.ozon.dev/safariproxd/homework/internal/app/mock/order_repository_mock.go:709.2,710.8 2 0
gitlab.ozon.dev/safariproxd/homework/internal/app/mock/order_repository_mock.go:714.68,716.2 1 0
gitlab.ozon.dev/safariproxd/homework/internal/app/mock/order_repository_mock.go:719.69,721.2 1 0
gitlab.ozon.dev/safariproxd/homework/internal/app/mock/order_repository_mock.go:725.91,734.2 5 0
gitlab.ozon.dev/safariproxd/homework/internal/app/mock/order_repository_mock.go:738.58,739.28 1 0
gitlab.ozon.dev/safariproxd/homework/internal/app/mock/order_repository_mock.go:739.28,742.3 1 0
gitlab.ozon.dev/safariproxd/homework/internal/app/mock/order_repository_mock.go:744.2,744.47 1 0
gitlab.ozon.dev/safariproxd/homework/internal/app/mock/order_repository_mock.go:744.47,745.43 1 0
gitlab.ozon.dev/safariproxd/homework/internal/app/mock/order_repository_mock.go:745.43,747.4 1 0
gitlab.ozon.dev/safariproxd/homework/internal/app/mock/order_repository_mock.go:750.2,750.40 1 0
gitlab.ozon.dev/safariproxd/homework/internal/app/mock/order_repository_mock.go:754.56,755.47 1 0
gitlab.ozon.dev/safariproxd/homework/internal/app/mock/order_repository_mock.go:755.47,756.43 1 0
gitlab.ozon.dev/safariproxd/homework/internal/app/mock/order_repository_mock.go:756.43,758.4 1 0
gitlab.ozon.dev/safariproxd/homework/internal/app/mock/order_repository_mock.go:761.2,763.72 2 0
gitlab.ozon.dev/safariproxd/homework/internal/app/mock/order_repository_mock.go:763.72,764.53 1 0
gitlab.ozon.dev/safariproxd/homework/internal/app/mock/order_repository_mock.go:764.53,766.4 1 0
gitlab.ozon.dev/safariproxd/homework/internal/app/mock/order_repository_mock.go:766.9,768.4 1 0
gitlab.ozon.dev/safariproxd/homework/internal/app/mock/order_repository_mock.go:771.2,771.53 1 0
gitlab.ozon.dev/safariproxd/homework/internal/app/mock/order_repository_mock.go:771.53,773.3 1 0
gitlab.ozon.dev/safariproxd/homework/internal/app/mock/order_repository_mock.go:775.2,775.65 1 0
gitlab.ozon.dev/safariproxd/homework/internal/app/mock/order_repository_mock.go:775.65,778.3 1 0
gitlab.ozon.dev/safariproxd/homework/internal/app/mock/order_repository_mock.go:835.111,838.2 2 0
gitlab.ozon.dev/safariproxd/homework/internal/app/mock/order_repository_mock.go:841.147,842.55 1 0
gitlab.ozon.dev/safariproxd/homework/internal/app/mock/order_repository_mock.go:842.55,844.3 1 0
gitlab.ozon.dev/safariproxd/homework/internal/app/mock/order_repository_mock.go:846.2,846.49 1 0
gitlab.ozon.dev/safariproxd/homework/internal/app/mock/order_repository_mock.go:846.49,848.3 1 0
gitlab.ozon.dev/safariproxd/homework/internal/app/mock/order_repository_mock.go:850.2,850.59 1 0
gitlab.ozon.dev/safariproxd/homework/internal/app/mock/order_repository_mock.go:850.59,852.3 1 0
gitlab.ozon.dev/safariproxd/homework/internal/app/mock/order_repository_mock.go:854.2,856.51 3 0
gitlab.ozon.dev/safariproxd/homework/internal/app/mock/order_repository_mock.go:856.51,857.76 1 0
gitlab.ozon.dev/safariproxd/homework/internal/app/mock/order_repository_mock.go:857.76,859.4 1 0
gitlab.ozon.dev/safariproxd/homework/internal/app/mock/order_repository_mock.go:862.2,862.26 1 0
gitlab.ozon.dev/safariproxd/homework/internal/app/mock/order_repository_mock.go:866.137,867.55 1 0
gitlab.ozon.dev/safariproxd/homework/internal/app/mock/order_repository_mock.go:867.55,869.3 1 0
gitlab.ozon.dev/safariproxd/homework/internal/app/mock/order_repository_mock.go:871.2,871.49 1 0
gitlab.ozon.dev/safariproxd/homework/internal/app/mock/order_repository_mock.go:871.49,873.3 1 0
gitlab.ozon.dev/safariproxd/homework/internal/app/mock/order_repository_mock.go:875.2,875.56 1 0
gitlab.ozon.dev/safariproxd/homework/internal/app/mock/order_repository_mock.go:875.56,877.3 1 0
gitlab.ozon.dev/safariproxd/homework/internal/app/mock/order_repository_mock.go:879.2,879.59 1 0
gitlab.ozon.dev/safariproxd/homework/internal/app/mock/order_repository_mock.go:879.59,881.3 1 0
gitlab.ozon.dev/safariproxd/homework/internal/app/mock/order_repository_mock.go:882.2,885.26 3 0
gitlab.ozon.dev/safariproxd/homework/internal/app/mock/order_repository_mock.go:889.142,890.55 1 0
gitlab.ozon.dev/safariproxd/homework/internal/app/mock/order_repository_mock.go:890.55,892.3 1 0
gitlab.ozon.dev/safariproxd/homework/internal/app/mock/order_repository_mock.go:894.2,894.49 1 0
gitlab.ozon.dev/safariproxd/homework/internal/app/mock/order_repository_mock.go:894.49,896.3 1 0
gitlab.ozon.dev/safariproxd/homework/internal/app/mock/order_repository_mock.go:898.2,898.56 1 0
gitlab.ozon.dev/safariproxd/homework/internal/app/mock/order_repository_mock.go:898.56,900.3 1 0
gitlab.ozon.dev/safariproxd/homework/internal/app/mock/order_repository_mock.go:902.2,902.59 1 0
gitlab.ozon.dev/safariproxd/homework/internal/app/mock/order_repository_mock.go:902.59,904.3 1 0
gitlab.ozon.dev/safariproxd/homework/internal/app/mock/order_repository_mock.go:905.2,908.26 3 0
gitlab.ozon.dev/safariproxd/homework/internal/app/mock/order_repository_mock.go:912.156,913.62 1 0
gitlab.ozon.dev/safariproxd/homework/internal/app/mock/order_repository_mock.go:913.62,915.3 1 0
gitlab.ozon.dev/safariproxd/homework/internal/app/mock/order_repository_mock.go:917.2,919.26 2 0
gitlab.ozon.dev/safariproxd/homework/internal/app/mock/order_repository_mock.go:923.122,924.55 1 0
gitlab.ozon.dev/safariproxd/homework/internal/app/mock/order_repository_mock.go:924.55,926.3 1 0
gitlab.ozon.dev/safariproxd/homework/internal/app/mock/order_repository_mock.go:928.2,928.49 1 0
gitlab.ozon.dev/safariproxd/homework/internal/app/mock/order_repository_mock.go:928.49,930.3 1 0
gitlab.ozon.dev/safariproxd/homework/internal/app/mock/order_repository_mock.go:931.2,933.31 3 0
gitlab.ozon.dev/safariproxd/homework/internal/app/mock/order_repository_mock.go:937.168,938.49 1 0
gitlab.ozon.dev/safariproxd/homework/internal/app/mock/order_repository_mock.go:938.49,940.3 1 0
gitlab.ozon.dev/safariproxd/homework/internal/app/mock/order_repository_mock.go:942.2,942.45 1 0
gitlab.ozon.dev/safariproxd/homework/internal/app/mock/order_repository_mock.go:942.45,944.3 1 0
gitlab.ozon.dev/safariproxd/homework/internal/app/mock/order_repository_mock.go:946.2,948.31 3 0
gitlab.ozon.dev/safariproxd/homework/internal/app/mock/order_repository_mock.go:953.155,954.55 1 0
gitlab.ozon.dev/safariproxd/homework/internal/app/mock/order_repository_mock.go:954.55,956.3 1 0
gitlab.ozon.dev/safariproxd/homework/internal/app/mock/order_repository_mock.go:958.2,964.20 3 0
gitlab.ozon.dev/safariproxd/homework/internal/app/mock/order_repository_mock.go:968.114,971.2 2 0
gitlab.ozon.dev/safariproxd/homework/internal/app/mock/order_repository_mock.go:974.116,975.12 1 0
gitlab.ozon.dev/safariproxd/homework/internal/app/mock/order_repository_mock.go:975.12,977.3 1 0
gitlab.ozon.dev/safariproxd/homework/internal/app/mock/order_repository_mock.go:978.2,980.26 3 0
gitlab.ozon.dev/safariproxd/homework/internal/app/mock/order_repository_mock.go:983.86,984.146 1 0
gitlab.ozon.dev/safariproxd/homework/internal/app/mock/order_repository_mock.go:984.146,986.3 1 0
gitlab.ozon.dev/safariproxd/homework/internal/app/mock/order_repository_mock.go:988.2,991.102 3 0
gitlab.ozon.dev/safariproxd/homework/internal/app/mock/order_repository_mock.go:995.135,1001.57 4 0
gitlab.ozon.dev/safariproxd/homework/internal/app/mock/order_repository_mock.go:1001.57,1003.3 1 0
gitlab.ozon.dev/safariproxd/homework/internal/app/mock/order_repository_mock.go:1005.2,1012.71 5 0
gitlab.ozon.dev/safariproxd/homework/internal/app/mock/order_repository_mock.go:1012.71,1013.43 1 0
gitlab.ozon.dev/safariproxd/homework/internal/app/mock/order_repository_mock.go:1013.43,1016.4 2 0
gitlab.ozon.dev/safariproxd/homework/internal/app/mock/order_repository_mock.go:1019.2,1019.69 1 0
gitlab.ozon.dev/safariproxd/homework/internal/app/mock/order_repository_mock.go:1019.69,1026.26 5 0
gitlab.ozon.dev/safariproxd/homework/internal/app/mock/order_repository_mock.go:1026.26,1028.81 1 0
gitlab.ozon.dev/safariproxd/homework/internal/app/mock/order_repository_mock.go:1028.81,1031.5 1 0
gitlab.ozon.dev/safariproxd/homework/internal/app/mock/order_repository_mock.go:1033.4,1033.102 1 0
gitlab.ozon.dev/safariproxd/homework/internal/app/mock/order_repository_mock.go:1033.102,1036.5 1 0
gitlab.ozon.dev/safariproxd/homework/internal/app/mock/order_repository_mock.go:1038.9,1038.65 1 0
gitlab.ozon.dev/safariproxd/homework/internal/app/mock/order_repository_mock.go:1038.65,1041.4 1 0
gitlab.ozon.dev/safariproxd/homework/internal/app/mock/order_repository_mock.go:1043.3,1044.24 2 0
gitlab.ozon.dev/safariproxd/homework/internal/app/mock/order_repository_mock.go:1044.24,1046.4 1 0
gitlab.ozon.dev/safariproxd/homework/internal/app/mock/order_repository_mock.go:1047.3,1047.46 1 0
gitlab.ozon.dev/safariproxd/homework/internal/app/mock/order_repository_mock.go:1049.2,1049.50 1 0
gitlab.ozon.dev/safariproxd/homework/internal/app/mock/order_repository_mock.go:1049.50,1051.3 1 0
gitlab.ozon.dev/safariproxd/homework/internal/app/mock/order_repository_mock.go:1052.2,1053.8 2 0
gitlab.ozon.dev/safariproxd/homework/internal/app/mock/order_repository_mock.go:1057.84,1059.2 1 0
gitlab.ozon.dev/safariproxd/homework/internal/app/mock/order_repository_mock.go:1062.85,1064.2 1 0
gitlab.ozon.dev/safariproxd/homework/internal/app/mock/order_repository_mock.go:1068.115,1077.2 5 0
gitlab.ozon.dev/safariproxd/homework/internal/app/mock/order_repository_mock.go:1081.66,1082.36 1 0
gitlab.ozon.dev/safariproxd/homework/internal/app/mock/order_repository_mock.go:1082.36,1085.3 1 0
gitlab.ozon.dev/safariproxd/homework/internal/app/mock/order_repository_mock.go:1087.2,1087.55 1 0
gitlab.ozon.dev/safariproxd/homework/internal/app/mock/order_repository_mock.go:1087.55,1088.43 1 0
gitlab.ozon.dev/safariproxd/homework/internal/app/mock/order_repository_mock.go:1088.43,1090.4 1 0
gitlab.ozon.dev/safariproxd/homework/internal/app/mock/order_repository_mock.go:1093.2,1093.48 1 0
gitlab.ozon.dev/safariproxd/homework/internal/app/mock/order_repository_mock.go:1097.64,1098.55 1 0
gitlab.ozon.dev/safariproxd/homework/internal/app/mock/order_repository_mock.go:1098.55,1099.43 1 0
gitlab.ozon.dev/safariproxd/homework/internal/app/mock/order_repository_mock.go:1099.43,1101.4 1 0
gitlab.ozon.dev/safariproxd/homework/internal/app/mock/order_repository_mock.go:1104.2,1106.88 2 0
gitlab.ozon.dev/safariproxd/homework/internal/app/mock/order_repository_mock.go:1106.88,1107.61 1 0
gitlab.ozon.dev/safariproxd/homework/internal/app/mock/order_repository_mock.go:1107.61,1109.4 1 0
gitlab.ozon.dev/safariproxd/homework/internal/app/mock/order_repository_mock.go:1109.9,1111.4 1 0
gitlab.ozon.dev/safariproxd/homework/internal/app/mock/order_repository_mock.go:1114.2,1114.69 1 0
gitlab.ozon.dev/safariproxd/homework/internal/app/mock/order_repository_mock.go:1114.69,1116.3 1 0
gitlab.ozon.dev/safariproxd/homework/internal/app/mock/order_repository_mock.go:1118.2,1118.81 1 0
gitlab.ozon.dev/safariproxd/homework/internal/app/mock/order_repository_mock.go:1118.81,1121.3 1 0
gitlab.ozon.dev/safariproxd/homework/internal/app/mock/order_repository_mock.go:1178.123,1181.2 2 0
gitlab.ozon.dev/safariproxd/homework/internal/app/mock/order_repository_mock.go:1184.156,1185.63 1 0
gitlab.ozon.dev/safariproxd/homework/internal/app/mock/order_repository_mock.go:1185.63,1187.3 1 0
gitlab.ozon.dev/safariproxd/homework/internal/app/mock/order_repository_mock.go:1189.2,1189.53 1 0
gitlab.ozon.dev/safariproxd/homework/internal/app/mock/order_repository_mock.go:1189.53,1191.3 1 0
gitlab.ozon.dev/safariproxd/homework/internal/app/mock/order_repository_mock.go:1193.2,1193.63 1 0
gitlab.ozon.dev/safariproxd/homework/internal/app/mock/order_repository_mock.go:1193.63,1195.3 1 0
gitlab.ozon.dev/safariproxd/homework/internal/app/mock/order_repository_mock.go:1197.2,1199.55 3 0
gitlab.ozon.dev/safariproxd/homework/internal/app/mock/order_repository_mock.go:1199.55,1200.80 1 0
gitlab.ozon.dev/safariproxd/homework/internal/app/mock/order_repository_mock.go:1200.80,1202.4 1 0
gitlab.ozon.dev/safariproxd/homework/internal/app/mock/order_repository_mock.go:1205.2,1205.30 1 0
gitlab.ozon.dev/safariproxd/homework/internal/app/mock/order_repository_mock.go:1209.149,1210.63 1 0
gitlab.ozon.dev/safariproxd/homework/internal/app/mock/order_repository_mock.go:1210.63,1212.3 1 0
gitlab.ozon.dev/safariproxd/homework/internal/app/mock/order_repository_mock.go:1214.2,1214.53 1 0
gitlab.ozon.dev/safariproxd/homework/internal/app/mock/order_repository_mock.go:1214.53,1216.3 1 0
gitlab.ozon.dev/safariproxd/homework/internal/app/mock/order_repository_mock.go:1218.2,1218.60 1 0
gitlab.ozon.dev/safariproxd/homework/internal/app/mock/order_repository_mock.go:1218.60,1220.3 1 0
gitlab.ozon.dev/safariproxd/homework/internal/app/mock/order_repository_mock.go:1222.2,1222.63 1 0
gitlab.ozon.dev/safariproxd/homework/internal/app/mock/order_repository_mock.go:1222.63,1224.3 1 0
gitlab.ozon.dev/safariproxd/homework/internal/app/mock/order_repository_mock.go:1225.2,1228.30 3 0
gitlab.ozon.dev/safariproxd/homework/internal/app/mock/order_repository_mock.go:1232.148,1233.63 1 0
gitlab.ozon.dev/safariproxd/homework/internal/app/mock/order_repository_mock.go:1233.63,1235.3 1 0
gitlab.ozon.dev/safariproxd/homework/internal/app/mock/order_repository_mock.go:1237.2,1237.53 1 0
gitlab.ozon.dev/safariproxd/homework/internal/app/mock/order_repository_mock.go:1237.53,1239.3 1 0
gitlab.ozon.dev/safariproxd/homework/internal/app/mock/order_repository_mock.go:1241.2,1241.60 1 0
gitlab.ozon.dev/safariproxd/homework/internal/app/mock/order_repository_mock.go:1241.60,1243.3 1 0
gitlab.ozon.dev/safariproxd/homework/internal/app/mock/order_repository_mock.go:1245.2,1245.63 1 0
gitlab.ozon.dev/safariproxd/homework/internal/app/mock/order_repository_mock.go:1245.63,1247.3 1 0
gitlab.ozon.dev/safariproxd/homework/internal/app/mock/order_repository_mock.go:1248.2,1251.30 3 0
gitlab.ozon.dev/safariproxd/homework/internal/app/mock/order_repository_mock.go:1255.165,1256.70 1 0
gitlab.ozon.dev/safariproxd/homework/internal/app/mock/order_repository_mock.go:1256.70,1258.3 1 0
gitlab.ozon.dev/safariproxd/homework/internal/app/mock/order_repository_mock.go:1260.2,1262.30 2 0
gitlab.ozon.dev/safariproxd/homework/internal/app/mock/order_repository_mock.go:1266.137,1267.63 1 0
gitlab.ozon.dev/safariproxd/homework/internal/app/mock/order_repository_mock.go:1267.63,1269.3 1 0
gitlab.ozon.dev/safariproxd/homework/internal/app/mock/order_repository_mock.go:1271.2,1271.53 1 0
gitlab.ozon.dev/safariproxd/homework/internal/app/mock/order_repository_mock.go:1271.53,1273.3 1 0
gitlab.ozon.dev/safariproxd/homework/internal/app/mock/order_repository_mock.go:1274.2,1276.35 3 0
gitlab.ozon.dev/safariproxd/homework/internal/app/mock/order_repository_mock.go:1280.180,1281.53 1 0
gitlab.ozon.dev/safariproxd/homework/internal/app/mock/order_repository_mock.go:1281.53,1283.3 1 0
gitlab.ozon.dev/safariproxd/homework/internal/app/mock/order_repository_mock.go:1285.2,1285.49 1 0
gitlab.ozon.dev/safariproxd/homework/internal/app/mock/order_repository_mock.go:1285.49,1287.3 1 0
gitlab.ozon.dev/safariproxd/homework/internal/app/mock/order_repository_mock.go:1289.2,1291.35 3 0
gitlab.ozon.dev/safariproxd/homework/internal/app/mock/order_repository_mock.go:1296.164,1297.63 1 0
gitlab.ozon.dev/safariproxd/homework/internal/app/mock/order_repository_mock.go:1297.63,1299.3 1 0
gitlab.ozon.dev/safariproxd/homework/internal/app/mock/order_repository_mock.go:1301.2,1307.20 3 0
gitlab.ozon.dev/safariproxd/homework/internal/app/mock/order_repository_mock.go:1311.125,1314.2 2 0
gitlab.ozon.dev/safariproxd/homework/internal/app/mock/order_repository_mock.go:1317.128,1318.12 1 0
gitlab.ozon.dev/safariproxd/homework/internal/app/mock/order_repository_mock.go:1318.12,1320.3 1 0
gitlab.ozon.dev/safariproxd/homework/internal/app/mock/order_repository_mock.go:1321.2,1323.30 3 0
gitlab.ozon.dev/safariproxd/homework/internal/app/mock/order_repository_mock.go:1326.94,1327.162 1 0
gitlab.ozon.dev/safariproxd/homework/internal/app/mock/order_repository_mock.go:1327.162,1329.3 1 0
gitlab.ozon.dev/safariproxd/homework/internal/app/mock/order_repository_mock.go:1331.2,1334.102 3 0
gitlab.ozon.dev/safariproxd/homework/internal/app/mock/order_repository_mock.go:1338.147,1344.65 4 0
gitlab.ozon.dev/safariproxd/homework/internal/app/mock/order_repository_mock.go:1344.65,1346.3 1 0
gitlab.ozon.dev/safariproxd/homework/internal/app/mock/order_repository_mock.go:1348.2,1355.79 5 0
gitlab.ozon.dev/safariproxd/homework/internal/app/mock/order_repository_mock.go:1355.79,1356.43 1 0
gitlab.ozon.dev/safariproxd/homework/internal/app/mock/order_repository_mock.go:1356.43,1359.4 2 0
gitlab.ozon.dev/safariproxd/homework/internal/app/mock/order_repository_mock.go:1362.2,1362.77 1 0
gitlab.ozon.dev/safariproxd/homework/internal/app/mock/order_repository_mock.go:1362.77,1369.26 5 0
gitlab.ozon.dev/safariproxd/homework/internal/app/mock/order_repository_mock.go:1369.26,1371.81 1 0
gitlab.ozon.dev/safariproxd/homework/internal/app/mock/order_repository_mock.go:1371.81,1374.5 1 0
gitlab.ozon.dev/safariproxd/homework/internal/app/mock/order_repository_mock.go:1376.4,1376.93 1 0
gitlab.ozon.dev/safariproxd/homework/internal/app/mock/order_repository_mock.go:1376.93,1379.5 1 0
gitlab.ozon.dev/safariproxd/homework/internal/app/mock/order_repository_mock.go:1381.9,1381.65 1 0
gitlab.ozon.dev/safariproxd/homework/internal/app/mock/order_repository_mock.go:1381.65,1384.4 1 0
gitlab.ozon.dev/safariproxd/homework/internal/app/mock/order_repository_mock.go:1386.3,1387.24 2 0
gitlab.ozon.dev/safariproxd/homework/internal/app/mock/order_repository_mock.go:1387.24,1389.4 1 0
gitlab.ozon.dev/safariproxd/homework/internal/app/mock/order_repository_mock.go:1390.3,1390.46 1 0
gitlab.ozon.dev/safariproxd/homework/internal/app/mock/order_repository_mock.go:1392.2,1392.58 1 0
gitlab.ozon.dev/safariproxd/homework/internal/app/mock/order_repository_mock.go:1392.58,1394.3 1 0
gitlab.ozon.dev/safariproxd/homework/internal/app/mock/order_repository_mock.go:1395.2,1396.8 2 0
gitlab.ozon.dev/safariproxd/homework/internal/app/mock/order_repository_mock.go:1400.92,1402.2 1 0
gitlab.ozon.dev/safariproxd/homework/internal/app/mock/order_repository_mock.go:1405.93,1407.2 1 0
gitlab.ozon.dev/safariproxd/homework/internal/app/mock/order_repository_mock.go:1411.127,1420.2 5 0
gitlab.ozon.dev/safariproxd/homework/internal/app/mock/order_repository_mock.go:1424.70,1425.40 1 0
gitlab.ozon.dev/safariproxd/homework/internal/app/mock/order_repository_mock.go:1425.40,1428.3 1 0
gitlab.ozon.dev/safariproxd/homework/internal/app/mock/order_repository_mock.go:1430.2,1430.59 1 0
gitlab.ozon.dev/safariproxd/homework/internal/app/mock/order_repository_mock.go:1430.59,1431.43 1 0
gitlab.ozon.dev/safariproxd/homework/internal/app/mock/order_repository_mock.go:1431.43,1433.4 1 0
gitlab.ozon.dev/safariproxd/homework/internal/app/mock/order_repository_mock.go:1436.2,1436.52 1 0
gitlab.ozon.dev/safariproxd/homework/internal/app/mock/order_repository_mock.go:1440.68,1441.59 1 0
gitlab.ozon.dev/safariproxd/homework/internal/app/mock/order_repository_mock.go:1441.59,1442.43 1 0
gitlab.ozon.dev/safariproxd/homework/internal/app/mock/order_repository_mock.go:1442.43,1444.4 1 0
gitlab.ozon.dev/safariproxd/homework/internal/app/mock/order_repository_mock.go:1447.2,1449.96 2 0
gitlab.ozon.dev/safariproxd/homework/internal/app/mock/order_repository_mock.go:1449.96,1450.65 1 0
gitlab.ozon.dev/safariproxd/homework/internal/app/mock/order_repository_mock.go:1450.65,1452.4 1 0
gitlab.ozon.dev/safariproxd/homework/internal/app/mock/order_repository_mock.go:1452.9,1454.4 1 0
gitlab.ozon.dev/safariproxd/homework/internal/app/mock/order_repository_mock.go:1457.2,1457.77 1 0
gitlab.ozon.dev/safariproxd/homework/internal/app/mock/order_repository_mock.go:1457.77,1459.3 1 0
gitlab.ozon.dev/safariproxd/homework/internal/app/mock/order_repository_mock.go:1461.2,1461.89 1 0
gitlab.ozon.dev/safariproxd/homework/internal/app/mock/order_repository_mock.go:1461.89,1464.3 1 0
gitlab.ozon.dev/safariproxd/homework/internal/app/mock/order_repository_mock.go:1521.111,1524.2 2 0
gitlab.ozon.dev/safariproxd/homework/internal/app/mock/order_repository_mock.go:1527.141,1528.55 1 0
gitlab.ozon.dev/safariproxd/homework/internal/app/mock/order_repository_mock.go:1528.55,1530.3 1 0
gitlab.ozon.dev/safariproxd/homework/internal/app/mock/order_repository_mock.go:1532.2,1532.49 1 0
gitlab.ozon.dev/safariproxd/homework/internal/app/mock/order_repository_mock.go:1532.49,1534.3 1 0
gitlab.ozon.dev/safariproxd/homework/internal/app/mock/order_repository_mock.go:1536.2,1536.59 1 0
gitlab.ozon.dev/safariproxd/homework/internal/app/mock/order_repository_mock.go:1536.59,1538.3 1 0
gitlab.ozon.dev/safariproxd/homework/internal/app/mock/order_repository_mock.go:1540.2,1542.51 3 0
gitlab.ozon.dev/safariproxd/homework/internal/app/mock/order_repository_mock.go:1542.51,1543.76 1 0
gitlab.ozon.dev/safariproxd/homework/internal/app/mock/order_repository_mock.go:1543.76,1545.4 1 0
gitlab.ozon.dev/safariproxd/homework/internal/app/mock/order_repository_mock.go:1548.2,1548.26 1 0
gitlab.ozon.dev/safariproxd/homework/internal/app/mock/order_repository_mock.go:1552.137,1553.55 1 0
gitlab.ozon.dev/safariproxd/homework/internal/app/mock/order_repository_mock.go:1553.55,1555.3 1 0
gitlab.ozon.dev/safariproxd/homework/internal/app/mock/order_repository_mock.go:1557.2,1557.49 1 0
gitlab.ozon.dev/safariproxd/homework/internal/app/mock/order_repository_mock.go:1557.49,1559.3 1 0
gitlab.ozon.dev/safariproxd/homework/internal/app/mock/order_repository_mock.go:1561.2,1561.56 1 0
gitlab.ozon.dev/safariproxd/homework/internal/app/mock/order_repository_mock.go:1561.56,1563.3 1 0
gitlab.ozon.dev/safariproxd/homework/internal/app/mock/order_repository_mock.go:1565.2,1565.59 1 0
gitlab.ozon.dev/safariproxd/homework/internal/app/mock/order_repository_mock.go:1565.59,1567.3 1 0
gitlab.ozon.dev/safariproxd/homework/internal/app/mock/order_repository_mock.go:1568.2,1571.26 3 0
gitlab.ozon.dev/safariproxd/homework/internal/app/mock/order_repository_mock.go:1575.130,1576.55 1 0
gitlab.ozon.dev/safariproxd/homework/internal/app/mock/order_repository_mock.go:1576.55,1578.3 1 0
gitlab.ozon.dev/safariproxd/homework/internal/app/mock/order_repository_mock.go:1580.2,1580.49 1 0
gitlab.ozon.dev/safariproxd/homework/internal/app/mock/order_repository_mock.go:1580.49,1582.3 1 0
gitlab.ozon.dev/safariproxd/homework/internal/app/mock/order_repository_mock.go:1584.2,1584.56 1 0
gitlab.ozon.dev/safariproxd/homework/internal/app/mock/order_repository_mock.go:1584.56,1586.3 1 0
gitlab.ozon.dev/safariproxd/homework/internal/app/mock/order_repository_mock.go:1588.2,1588.59 1 0
gitlab.ozon.dev/safariproxd/homework/internal/app/mock/order_repository_mock.go:1588.59,1590.3 1 0
gitlab.ozon.dev/safariproxd/homework/internal/app/mock/order_repository_mock.go:1591.2,1594.26 3 0
gitlab.ozon.dev/safariproxd/homework/internal/app/mock/order_repository_mock.go:1598.150,1599.62 1 0
gitlab.ozon.dev/safariproxd/homework/internal/app/mock/order_repository_mock.go:1599.62,1601.3 1 0
gitlab.ozon.dev/safariproxd/homework/internal/app/mock/order_repository_mock.go:1603.2,1605.26 2 0
gitlab.ozon.dev/safariproxd/homework/internal/app/mock/order_repository_mock.go:1609.129,1610.55 1 0
gitlab.ozon.dev/safariproxd/homework/internal/app/mock/order_repository_mock.go:1610.55,1612.3 1 0
gitlab.ozon.dev/safariproxd/homework/internal/app/mock/order_repository_mock.go:1614.2,1614.49 1 0
gitlab.ozon.dev/safariproxd/homework/internal/app/mock/order_repository_mock.go:1614.49,1616.3 1 0
gitlab.ozon.dev/safariproxd/homework/internal/app/mock/order_repository_mock.go:1617.2,1619.31 3 0
gitlab.ozon.dev/safariproxd/homework/internal/app/mock/order_repository_mock.go:1623.169,1624.49 1 0
gitlab.ozon.dev/safariproxd/homework/internal/app/mock/order_repository_mock.go:1624.49,1626.3 1 0
gitlab.ozon.dev/safariproxd/homework/internal/app/mock/order_repository_mock.go:1628.2,1628.45 1 0
gitlab.ozon.dev/safariproxd/homework/internal/app/mock/order_repository_mock.go:1628.45,1630.3 1 0
gitlab.ozon.dev/safariproxd/homework/internal/app/mock/order_repository_mock.go:1632.2,1634.31 3 0
gitlab.ozon.dev/safariproxd/homework/internal/app/mock/order_repository_mock.go:1639.149,1640.55 1 0
gitlab.ozon.dev/safariproxd/homework/internal/app/mock/order_repository_mock.go:1640.55,1642.3 1 0
gitlab.ozon.dev/safariproxd/homework/internal/app/mock/order_repository_mock.go:1644.2,1650.20 3 0
gitlab.ozon.dev/safariproxd/homework/internal/app/mock/order_repository_mock.go:1654.121,1657.2 2 0
gitlab.ozon.dev/safariproxd/homework/internal/app/mock/order_repository_mock.go:1660.116,1661.12 1 0
gitlab.ozon.dev/safariproxd/homework/internal/app/mock/order_repository_mock.go:1661.12,1663.3 1 0
gitlab.ozon.dev/safariproxd/homework/internal/app/mock/order_repository_mock.go:1664.2,1666.26 3 0
gitlab.ozon.dev/safariproxd/homework/internal/app/mock/order_repository_mock.go:1669.86,1670.146 1 0
gitlab.ozon.dev/safariproxd/homework/internal/app/mock/order_repository_mock.go:1670.146,1672.3 1 0
gitlab.ozon.dev/safariproxd/homework/internal/app/mock/order_repository_mock.go:1674.2,1677.102 3 0
gitlab.ozon.dev/safariproxd/homework/internal/app/mock/order_repository_mock.go:1681.136,1687.57 4 0
gitlab.ozon.dev/safariproxd/homework/internal/app/mock/order_repository_mock.go:1687.57,1689.3 1 0
gitlab.ozon.dev/safariproxd/homework/internal/app/mock/order_repository_mock.go:1691.2,1698.71 5 0
gitlab.ozon.dev/safariproxd/homework/internal/app/mock/order_repository_mock.go:1698.71,1699.43 1 0
gitlab.ozon.dev/safariproxd/homework/internal/app/mock/order_repository_mock.go:1699.43,1702.4 2 0
gitlab.ozon.dev/safariproxd/homework/internal/app/mock/order_repository_mock.go:1705.2,1705.69 1 0
gitlab.ozon.dev/safariproxd/homework/internal/app/mock/order_repository_mock.go:1705.69,1712.26 5 0
gitlab.ozon.dev/safariproxd/homework/internal/app/mock/order_repository_mock.go:1712.26,1714.81 1 0
gitlab.ozon.dev/safariproxd/homework/internal/app/mock/order_repository_mock.go:1714.81,1717.5 1 0
gitlab.ozon.dev/safariproxd/homework/internal/app/mock/order_repository_mock.go:1719.4,1719.84 1 0
gitlab.ozon.dev/safariproxd/homework/internal/app/mock/order_repository_mock.go:1719.84,1722.5 1 0
gitlab.ozon.dev/safariproxd/homework/internal/app/mock/order_repository_mock.go:1724.9,1724.65 1 0
gitlab.ozon.dev/safariproxd/homework/internal/app/mock/order_repository_mock.go:1724.65,1727.4 1 0
gitlab.ozon.dev/safariproxd/homework/internal/app/mock/order_repository_mock.go:1729.3,1730.24 2 0
gitlab.ozon.dev/safariproxd/homework/internal/app/mock/order_repository_mock.go:1730.24,1732.4 1 0
gitlab.ozon.dev/safariproxd/homework/internal/app/mock/order_repository_mock.go:1733.3,1733.46 1 0
gitlab.ozon.dev/safariproxd/homework/internal/app/mock/order_repository_mock.go:1735.2,1735.50 1 0
gitlab.ozon.dev/safariproxd/homework/internal/app/mock/order_repository_mock.go:1735.50,1737.3 1 0
gitlab.ozon.dev/safariproxd/homework/internal/app/mock/order_repository_mock.go:1738.2,1739.8 2 0
gitlab.ozon.dev/safariproxd/homework/internal/app/mock/order_repository_mock.go:1743.84,1745.2 1 0
gitlab.ozon.dev/safariproxd/homework/internal/app/mock/order_repository_mock.go:1748.85,1750.2 1 0
gitlab.ozon.dev/safariproxd/homework/internal/app/mock/order_repository_mock.go:1754.115,1763.2 5 0
gitlab.ozon.dev/safariproxd/homework/internal/app/mock/order_repository_mock.go:1767.66,1768.36 1 0
gitlab.ozon.dev/safariproxd/homework/internal/app/mock/order_repository_mock.go:1768.36,1771.3 1 0
gitlab.ozon.dev/safariproxd/homework/internal/app/mock/order_repository_mock.go:1773.2,1773.55 1 0
gitlab.ozon.dev/safariproxd/homework/internal/app/mock/order_repository_mock.go:1773.55,1774.43 1 0
gitlab.ozon.dev/safariproxd/homework/internal/app/mock/order_repository_mock.go:1774.43,1776.4 1 0
gitlab.ozon.dev/safariproxd/homework/internal/app/mock/order_repository_mock.go:1779.2,1779.48 1 0
gitlab.ozon.dev/safariproxd/homework/internal/app/mock/order_repository_mock.go:1783.64,1784.55 1 0
gitlab.ozon.dev/safariproxd/homework/internal/app/mock/order_repository_mock.go:1784.55,1785.43 1 0
gitlab.ozon.dev/safariproxd/homework/internal/app/mock/order_repository_mock.go:1785.43,1787.4 1 0
gitlab.ozon.dev/safariproxd/homework/internal/app/mock/order_repository_mock.go:1790.2,1792.88 2 0
gitlab.ozon.dev/safariproxd/homework/internal/app/mock/order_repository_mock.go:1792.88,1793.61 1 0
gitlab.ozon.dev/safariproxd/homework/internal/app/mock/order_repository_mock.go:1793.61,1795.4 1 0
gitlab.ozon.dev/safariproxd/homework/internal/app/mock/order_repository_mock.go:1795.9,1797.4 1 0
gitlab.ozon.dev/safariproxd/homework/internal/app/mock/order_repository_mock.go:1800.2,1800.69 1 0
gitlab.ozon.dev/safariproxd/homework/internal/app/mock/order_repository_mock.go:1800.69,1802.3 1 0
gitlab.ozon.dev/safariproxd/homework/internal/app/mock/order_repository_mock.go:1804.2,1804.81 1 0
gitlab.ozon.dev/safariproxd/homework/internal/app/mock/order_repository_mock.go:1804.81,1807.3 1 0
gitlab.ozon.dev/safariproxd/homework/internal/app/mock/order_repository_mock.go:1861.117,1864.2 2 0
gitlab.ozon.dev/safariproxd/homework/internal/app/mock/order_repository_mock.go:1867.134,1868.59 1 0
gitlab.ozon.dev/safariproxd/homework/internal/app/mock/order_repository_mock.go:1868.59,1870.3 1 0
gitlab.ozon.dev/safariproxd/homework/internal/app/mock/order_repository_mock.go:1872.2,1872.51 1 0
gitlab.ozon.dev/safariproxd/homework/internal/app/mock/order_repository_mock.go:1872.51,1874.3 1 0
gitlab.ozon.dev/safariproxd/homework/internal/app/mock/order_repository_mock.go:1876.2,1876.61 1 0
gitlab.ozon.dev/safariproxd/homework/internal/app/mock/order_repository_mock.go:1876.61,1878.3 1 0
gitlab.ozon.dev/safariproxd/homework/internal/app/mock/order_repository_mock.go:1880.2,1882.53 3 0
gitlab.ozon.dev/safariproxd/homework/internal/app/mock/order_repository_mock.go:1882.53,1883.78 1 0
gitlab.ozon.dev/safariproxd/homework/internal/app/mock/order_repository_mock.go:1883.78,1885.4 1 0
gitlab.ozon.dev/safariproxd/homework/internal/app/mock/order_repository_mock.go:1888.2,1888.28 1 0
gitlab.ozon.dev/safariproxd/homework/internal/app/mock/order_repository_mock.go:1892.143,1893.59 1 0
gitlab.ozon.dev/safariproxd/homework/internal/app/mock/order_repository_mock.go:1893.59,1895.3 1 0
gitlab.ozon.dev/safariproxd/homework/internal/app/mock/order_repository_mock.go:1897.2,1897.51 1 0
gitlab.ozon.dev/safariproxd/homework/internal/app/mock/order_repository_mock.go:1897.51,1899.3 1 0
gitlab.ozon.dev/safariproxd/homework/internal/app/mock/order_repository_mock.go:1901.2,1901.58 1 0
gitlab.ozon.dev/safariproxd/homework/internal/app/mock/order_repository_mock.go:1901.58,1903.3 1 0
gitlab.ozon.dev/safariproxd/homework/internal/app/mock/order_repository_mock.go:1905.2,1905.61 1 0
gitlab.ozon.dev/safariproxd/homework/internal/app/mock/order_repository_mock.go:1905.61,1907.3 1 0
gitlab.ozon.dev/safariproxd/homework/internal/app/mock/order_repository_mock.go:1908.2,1911.28 3 0
gitlab.ozon.dev/safariproxd/homework/internal/app/mock/order_repository_mock.go:1915.143,1916.66 1 0
gitlab.ozon.dev/safariproxd/homework/internal/app/mock/order_repository_mock.go:1916.66,1918.3 1 0
gitlab.ozon.dev/safariproxd/homework/internal/app/mock/order_repository_mock.go:1920.2,1922.28 2 0
gitlab.ozon.dev/safariproxd/homework/internal/app/mock/order_repository_mock.go:1926.126,1927.59 1 0
gitlab.ozon.dev/safariproxd/homework/internal/app/mock/order_repository_mock.go:1927.59,1929.3 1 0
gitlab.ozon.dev/safariproxd/homework/internal/app/mock/order_repository_mock.go:1931.2,1931.51 1 0
gitlab.ozon.dev/safariproxd/homework/internal/app/mock/order_repository_mock.go:1931.51,1933.3 1 0
gitlab.ozon.dev/safariproxd/homework/internal/app/mock/order_repository_mock.go:1934.2,1936.33 3 0
gitlab.ozon.dev/safariproxd/homework/internal/app/mock/order_repository_mock.go:1940.153,1941.51 1 0
gitlab.ozon.dev/safariproxd/homework/internal/app/mock/order_repository_mock.go:1941.51,1943.3 1 0
gitlab.ozon.dev/safariproxd/homework/internal/app/mock/order_repository_mock.go:1945.2,1945.47 1 0
gitlab.ozon.dev/safariproxd/homework/internal/app/mock/order_repository_mock.go:1945.47,1947.3 1 0
gitlab.ozon.dev/safariproxd/homework/internal/app/mock/order_repository_mock.go:1949.2,1951.33 3 0
gitlab.ozon.dev/safariproxd/homework/internal/app/mock/order_repository_mock.go:1956.142,1957.59 1 0
gitlab.ozon.dev/safariproxd/homework/internal/app/mock/order_repository_mock.go:1957.59,1959.3 1 0
gitlab.ozon.dev/safariproxd/homework/internal/app/mock/order_repository_mock.go:1961.2,1967.20 3 0
gitlab.ozon.dev/safariproxd/homework/internal/app/mock/order_repository_mock.go:1971.116,1974.2 2 0
gitlab.ozon.dev/safariproxd/homework/internal/app/mock/order_repository_mock.go:1977.122,1978.12 1 0
gitlab.ozon.dev/safariproxd/homework/internal/app/mock/order_repository_mock.go:1978.12,1980.3 1 0
gitlab.ozon.dev/safariproxd/homework/internal/app/mock/order_repository_mock.go:1981.2,1983.28 3 0
gitlab.ozon.dev/safariproxd/homework/internal/app/mock/order_repository_mock.go:1986.90,1987.154 1 0
gitlab.ozon.dev/safariproxd/homework/internal/app/mock/order_repository_mock.go:1987.154,1989.3 1 0
gitlab.ozon.dev/safariproxd/homework/internal/app/mock/order_repository_mock.go:1991.2,1994.102 3 0
gitlab.ozon.dev/safariproxd/homework/internal/app/mock/order_repository_mock.go:1998.120,2004.61 4 0
gitlab.ozon.dev/safariproxd/homework/internal/app/mock/order_repository_mock.go:2004.61,2006.3 1 0
gitlab.ozon.dev/safariproxd/homework/internal/app/mock/order_repository_mock.go:2008.2,2015.75 5 0
gitlab.ozon.dev/safariproxd/homework/internal/app/mock/order_repository_mock.go:2015.75,2016.43 1 0
gitlab.ozon.dev/safariproxd/homework/internal/app/mock/order_repository_mock.go:2016.43,2019.4 2 0
gitlab.ozon.dev/safariproxd/homework/internal/app/mock/order_repository_mock.go:2022.2,2022.73 1 0
gitlab.ozon.dev/safariproxd/homework/internal/app/mock/order_repository_mock.go:2022.73,2029.26 5 0
gitlab.ozon.dev/safariproxd/homework/internal/app/mock/order_repository_mock.go:2029.26,2031.81 1 0
gitlab.ozon.dev/safariproxd/homework/internal/app/mock/order_repository_mock.go:2031.81,2034.5 1 0
gitlab.ozon.dev/safariproxd/homework/internal/app/mock/order_repository_mock.go:2036.9,2036.65 1 0
gitlab.ozon.dev/safariproxd/homework/internal/app/mock/order_repository_mock.go:2036.65,2039.4 1 0
gitlab.ozon.dev/safariproxd/homework/internal/app/mock/order_repository_mock.go:2041.3,2042.24 2 0
gitlab.ozon.dev/safariproxd/homework/internal/app/mock/order_repository_mock.go:2042.24,2044.4 1 0
gitlab.ozon.dev/safariproxd/homework/internal/app/mock/order_repository_mock.go:2045.3,2045.46 1 0
gitlab.ozon.dev/safariproxd/homework/internal/app/mock/order_repository_mock.go:2047.2,2047.54 1 0
gitlab.ozon.dev/safariproxd/homework/internal/app/mock/order_repository_mock.go:2047.54,2049.3 1 0
gitlab.ozon.dev/safariproxd/homework/internal/app/mock/order_repository_mock.go:2050.2,2051.8 2 0
[...]
gitlab.ozon.dev/safariproxd/homework/internal/app/mock/order_repository_mock.go:2538.47,2539.72 1 0
gitlab.ozon.dev/safariproxd/homework/internal/app/mock/order_repository_mock.go:2539.72,2541.4 1 0
gitlab.ozon.dev/safariproxd/homework/internal/app/mock/order_repository_mock.go:2544.2,2544.22 1 10
gitlab.ozon.dev/safariproxd/homework/internal/app/mock/order_repository_mock.go:2548.125,2549.47 1 0
gitlab.ozon.dev/safariproxd/homework/internal/app/mock/order_repository_mock.go:2549.47,2551.3 1 0
gitlab.ozon.dev/safariproxd/homework/internal/app/mock/order_repository_mock.go:2553.2,2553.45 1 0
gitlab.ozon.dev/safariproxd/homework/internal/app/mock/order_repository_mock.go:2553.45,2555.3 1 0
gitlab.ozon.dev/safariproxd/homework/internal/app/mock/order_repository_mock.go:2557.2,2557.52 1 0
gitlab.ozon.dev/safariproxd/homework/internal/app/mock/order_repository_mock.go:2557.52,2559.3 1 0
gitlab.ozon.dev/safariproxd/homework/internal/app/mock/order_repository_mock.go:2561.2,2561.55 1 0
gitlab.ozon.dev/safariproxd/homework/internal/app/mock/order_repository_mock.go:2561.55,2563.3 1 0
gitlab.ozon.dev/safariproxd/homework/internal/app/mock/order_repository_mock.go:2564.2,2567.22 3 0
gitlab.ozon.dev/safariproxd/homework/internal/app/mock/order_repository_mock.go:2571.137,2572.47 1 0
gitlab.ozon.dev/safariproxd/homework/internal/app/mock/order_repository_mock.go:2572.47,2574.3 1 0
gitlab.ozon.dev/safariproxd/homework/internal/app/mock/order_repository_mock.go:2576.2,2576.45 1 0
gitlab.ozon.dev/safariproxd/homework/internal/app/mock/order_repository_mock.go:2576.45,2578.3 1 0
gitlab.ozon.dev/safariproxd/homework/internal/app/mock/order_repository_mock.go:2580.2,2580.52 1 0
gitlab.ozon.dev/safariproxd/homework/internal/app/mock/order_repository_mock.go:2580.52,2582.3 1 0
gitlab.ozon.dev/safariproxd/homework/internal/app/mock/order_repository_mock.go:2584.2,2584.55 1 0
gitlab.ozon.dev/safariproxd/homework/internal/app/mock/order_repository_mock.go:2584.55,2586.3 1 0
gitlab.ozon.dev/safariproxd/homework/internal/app/mock/order_repository_mock.go:2587.2,2590.22 3 0
gitlab.ozon.dev/safariproxd/homework/internal/app/mock/order_repository_mock.go:2594.154,2595.54 1 0
gitlab.ozon.dev/safariproxd/homework/internal/app/mock/order_repository_mock.go:2595.54,2597.3 1 0
gitlab.ozon.dev/safariproxd/homework/internal/app/mock/order_repository_mock.go:2599.2,2601.22 2 0
gitlab.ozon.dev/safariproxd/homework/internal/app/mock/order_repository_mock.go:2605.94,2606.47 1 10
gitlab.ozon.dev/safariproxd/homework/internal/app/mock/order_repository_mock.go:2606.47,2608.3 1 0
gitlab.ozon.dev/safariproxd/homework/internal/app/mock/order_repository_mock.go:2610.2,2610.45 1 10
gitlab.ozon.dev/safariproxd/homework/internal/app/mock/order_repository_mock.go:2610.45,2612.3 1 0
gitlab.ozon.dev/safariproxd/homework/internal/app/mock/order_repository_mock.go:2613.2,2615.27 3 10
gitlab.ozon.dev/safariproxd/homework/internal/app/mock/order_repository_mock.go:2619.150,2620.45 1 1
gitlab.ozon.dev/safariproxd/homework/internal/app/mock/order_repository_mock.go:2620.45,2622.3 1 0
gitlab.ozon.dev/safariproxd/homework/internal/app/mock/order_repository_mock.go:2624.2,2624.41 1 1
gitlab.ozon.dev/safariproxd/homework/internal/app/mock/order_repository_mock.go:2624.41,2626.3 1 0
gitlab.ozon.dev/safariproxd/homework/internal/app/mock/order_repository_mock.go:2628.2,2630.27 3 1
gitlab.ozon.dev/safariproxd/homework/internal/app/mock/order_repository_mock.go:2635.153,2636.47 1 0
gitlab.ozon.dev/safariproxd/homework/internal/app/mock/order_repository_mock.go:2636.47,2638.3 1 0
gitlab.ozon.dev/safariproxd/homework/internal/app/mock/order_repository_mock.go:2640.2,2646.20 3 0
gitlab.ozon.dev/safariproxd/homework/internal/app/mock/order_repository_mock.go:2650.90,2653.2 2 0
gitlab.ozon.dev/safariproxd/homework/internal/app/mock/order_repository_mock.go:2656.104,2657.12 1 0
gitlab.ozon.dev/safariproxd/homework/internal/app/mock/order_repository_mock.go:2657.12,2659.3 1 0
gitlab.ozon.dev/safariproxd/homework/internal/app/mock/order_repository_mock.go:2660.2,2662.22 3 0
gitlab.ozon.dev/safariproxd/homework/internal/app/mock/order_repository_mock.go:2665.78,2666.130 1 33
gitlab.ozon.dev/safariproxd/homework/internal/app/mock/order_repository_mock.go:2666.130,2668.3 1 22
gitlab.ozon.dev/safariproxd/homework/internal/app/mock/order_repository_mock.go:2670.2,2673.102 3 11
gitlab.ozon.dev/safariproxd/homework/internal/app/mock/order_repository_mock.go:2677.117,2683.49 4 12
gitlab.ozon.dev/safariproxd/homework/internal/app/mock/order_repository_mock.go:2683.49,2685.3 1 0
gitlab.ozon.dev/safariproxd/homework/internal/app/mock/order_repository_mock.go:2687.2,2694.63 5 12
gitlab.ozon.dev/safariproxd/homework/internal/app/mock/order_repository_mock.go:2694.63,2695.43 1 0
gitlab.ozon.dev/safariproxd/homework/internal/app/mock/order_repository_mock.go:2695.43,2698.4 2 0
gitlab.ozon.dev/safariproxd/homework/internal/app/mock/order_repository_mock.go:2701.2,2701.61 1 12
gitlab.ozon.dev/safariproxd/homework/internal/app/mock/order_repository_mock.go:2701.61,2708.26 5 10
gitlab.ozon.dev/safariproxd/homework/internal/app/mock/order_repository_mock.go:2708.26,2710.81 1 0
gitlab.ozon.dev/safariproxd/homework/internal/app/mock/order_repository_mock.go:2710.81,2713.5 1 0
gitlab.ozon.dev/safariproxd/homework/internal/app/mock/order_repository_mock.go:2715.4,2715.93 1 0
gitlab.ozon.dev/safariproxd/homework/internal/app/mock/order_repository_mock.go:2715.93,2718.5 1 0
gitlab.ozon.dev/safariproxd/homework/internal/app/mock/order_repository_mock.go:2720.9,2720.65 1 10
gitlab.ozon.dev/safariproxd/homework/internal/app/mock/order_repository_mock.go:2720.65,2723.4 1 0
gitlab.ozon.dev/safariproxd/homework/internal/app/mock/order_repository_mock.go:2725.3,2726.24 2 10
gitlab.ozon.dev/safariproxd/homework/internal/app/mock/order_repository_mock.go:2726.24,2728.4 1 0
gitlab.ozon.dev/safariproxd/homework/internal/app/mock/order_repository_mock.go:2729.3,2729.27 1 10
gitlab.ozon.dev/safariproxd/homework/internal/app/mock/order_repository_mock.go:2731.2,2731.42 1 2
gitlab.ozon.dev/safariproxd/homework/internal/app/mock/order_repository_mock.go:2731.42,2733.3 1 2
gitlab.ozon.dev/safariproxd/homework/internal/app/mock/order_repository_mock.go:2734.2,2735.8 2 0
gitlab.ozon.dev/safariproxd/homework/internal/app/mock/order_repository_mock.go:2739.76,2741.2 1 0
gitlab.ozon.dev/safariproxd/homework/internal/app/mock/order_repository_mock.go:2744.77,2746.2 1 0
gitlab.ozon.dev/safariproxd/homework/internal/app/mock/order_repository_mock.go:2750.103,2759.2 5 0
gitlab.ozon.dev/safariproxd/homework/internal/app/mock/order_repository_mock.go:2763.62,2764.32 1 33
gitlab.ozon.dev/safariproxd/homework/internal/app/mock/order_repository_mock.go:2764.32,2767.3 1 0
gitlab.ozon.dev/safariproxd/homework/internal/app/mock/order_repository_mock.go:2769.2,2769.51 1 33
gitlab.ozon.dev/safariproxd/homework/internal/app/mock/order_repository_mock.go:2769.51,2770.43 1 0
gitlab.ozon.dev/safariproxd/homework/internal/app/mock/order_repository_mock.go:2770.43,2772.4 1 0
gitlab.ozon.dev/safariproxd/homework/internal/app/mock/order_repository_mock.go:2775.2,2775.44 1 33
gitlab.ozon.dev/safariproxd/homework/internal/app/mock/order_repository_mock.go:2779.60,2780.51 1 0
gitlab.ozon.dev/safariproxd/homework/internal/app/mock/order_repository_mock.go:2780.51,2781.43 1 0
gitlab.ozon.dev/safariproxd/homework/internal/app/mock/order_repository_mock.go:2781.43,2783.4 1 0
gitlab.ozon.dev/safariproxd/homework/internal/app/mock/order_repository_mock.go:2786.2,2788.80 2 0
gitlab.ozon.dev/safariproxd/homework/internal/app/mock/order_repository_mock.go:2788.80,2789.57 1 0
gitlab.ozon.dev/safariproxd/homework/internal/app/mock/order_repository_mock.go:2789.57,2791.4 1 0
gitlab.ozon.dev/safariproxd/homework/internal/app/mock/order_repository_mock.go:2791.9,2793.4 1 0
gitlab.ozon.dev/safariproxd/homework/internal/app/mock/order_repository_mock.go:2796.2,2796.61 1 0
gitlab.ozon.dev/safariproxd/homework/internal/app/mock/order_repository_mock.go:2796.61,2798.3 1 0
gitlab.ozon.dev/safariproxd/homework/internal/app/mock/order_repository_mock.go:2800.2,2800.73 1 0
gitlab.ozon.dev/safariproxd/homework/internal/app/mock/order_repository_mock.go:2800.73,2803.3 1 0
gitlab.ozon.dev/safariproxd/homework/internal/app/mock/order_repository_mock.go:2859.84,2862.2 2 0
gitlab.ozon.dev/safariproxd/homework/internal/app/mock/order_repository_mock.go:2865.121,2866.37 1 9
gitlab.ozon.dev/safariproxd/homework/internal/app/mock/order_repository_mock.go:2866.37,2868.3 1 0
gitlab.ozon.dev/safariproxd/homework/internal/app/mock/order_repository_mock.go:2870.2,2870.40 1 9
gitlab.ozon.dev/safariproxd/homework/internal/app/mock/order_repository_mock.go:2870.40,2872.3 1 9
gitlab.ozon.dev/safariproxd/homework/internal/app/mock/order_repository_mock.go:2874.2,2874.50 1 9
gitlab.ozon.dev/safariproxd/homework/internal/app/mock/order_repository_mock.go:2874.50,2876.3 1 0
gitlab.ozon.dev/safariproxd/homework/internal/app/mock/order_repository_mock.go:2878.2,2880.42 3 9
gitlab.ozon.dev/safariproxd/homework/internal/app/mock/order_repository_mock.go:2880.42,2881.67 1 0
gitlab.ozon.dev/safariproxd/homework/internal/app/mock/order_repository_mock.go:2881.67,2883.4 1 0
gitlab.ozon.dev/safariproxd/homework/internal/app/mock/order_repository_mock.go:2886.2,2886.17 1 9
gitlab.ozon.dev/safariproxd/homework/internal/app/mock/order_repository_mock.go:2890.110,2891.37 1 0
gitlab.ozon.dev/safariproxd/homework/internal/app/mock/order_repository_mock.go:2891.37,2893.3 1 0
gitlab.ozon.dev/safariproxd/homework/internal/app/mock/order_repository_mock.go:2895.2,2895.40 1 0
gitlab.ozon.dev/safariproxd/homework/internal/app/mock/order_repository_mock.go:2895.40,2897.3 1 0
gitlab.ozon.dev/safariproxd/homework/internal/app/mock/order_repository_mock.go:2899.2,2899.47 1 0
gitlab.ozon.dev/safariproxd/homework/internal/app/mock/order_repository_mock.go:2899.47,2901.3 1 0
gitlab.ozon.dev/safariproxd/homework/internal/app/mock/order_repository_mock.go:2903.2,2903.50 1 0
gitlab.ozon.dev/safariproxd/homework/internal/app/mock/order_repository_mock.go:2903.50,2905.3 1 0
gitlab.ozon.dev/safariproxd/homework/internal/app/mock/order_repository_mock.go:2906.2,2909.17 3 0
gitlab.ozon.dev/safariproxd/homework/internal/app/mock/order_repository_mock.go:2913.111,2914.37 1 0
gitlab.ozon.dev/safariproxd/homework/internal/app/mock/order_repository_mock.go:2914.37,2916.3 1 0
gitlab.ozon.dev/safariproxd/homework/internal/app/mock/order_repository_mock.go:2918.2,2918.40 1 0
gitlab.ozon.dev/safariproxd/homework/internal/app/mock/order_repository_mock.go:2918.40,2920.3 1 0
gitlab.ozon.dev/safariproxd/homework/internal/app/mock/order_repository_mock.go:2922.2,2922.47 1 0
gitlab.ozon.dev/safariproxd/homework/internal/app/mock/order_repository_mock.go:2922.47,2924.3 1 0
gitlab.ozon.dev/safariproxd/homework/internal/app/mock/order_repository_mock.go:2926.2,2926.50 1 0
gitlab.ozon.dev/safariproxd/homework/internal/app/mock/order_repository_mock.go:2926.50,2928.3 1 0
gitlab.ozon.dev/safariproxd/homework/internal/app/mock/order_repository_mock.go:2929.2,2932.17 3 0
gitlab.ozon.dev/safariproxd/homework/internal/app/mock/order_repository_mock.go:2936.130,2937.44 1 0
gitlab.ozon.dev/safariproxd/homework/internal/app/mock/order_repository_mock.go:2937.44,2939.3 1 0
gitlab.ozon.dev/safariproxd/homework/internal/app/mock/order_repository_mock.go:2941.2,2943.17 2 0
gitlab.ozon.dev/safariproxd/homework/internal/app/mock/order_repository_mock.go:2947.84,2948.37 1 9
gitlab.ozon.dev/safariproxd/homework/internal/app/mock/order_repository_mock.go:2948.37,2950.3 1 0
gitlab.ozon.dev/safariproxd/homework/internal/app/mock/order_repository_mock.go:2952.2,2952.40 1 9
gitlab.ozon.dev/safariproxd/homework/internal/app/mock/order_repository_mock.go:2952.40,2954.3 1 0
gitlab.ozon.dev/safariproxd/homework/internal/app/mock/order_repository_mock.go:2955.2,2957.22 3 9
gitlab.ozon.dev/safariproxd/homework/internal/app/mock/order_repository_mock.go:2961.131,2962.40 1 1
gitlab.ozon.dev/safariproxd/homework/internal/app/mock/order_repository_mock.go:2962.40,2964.3 1 0
gitlab.ozon.dev/safariproxd/homework/internal/app/mock/order_repository_mock.go:2966.2,2966.36 1 1
gitlab.ozon.dev/safariproxd/homework/internal/app/mock/order_repository_mock.go:2966.36,2968.3 1 0
gitlab.ozon.dev/safariproxd/homework/internal/app/mock/order_repository_mock.go:2970.2,2972.22 3 1
gitlab.ozon.dev/safariproxd/homework/internal/app/mock/order_repository_mock.go:2977.129,2978.37 1 0
gitlab.ozon.dev/safariproxd/homework/internal/app/mock/order_repository_mock.go:2978.37,2980.3 1 0
gitlab.ozon.dev/safariproxd/homework/internal/app/mock/order_repository_mock.go:2982.2,2988.20 3 0
gitlab.ozon.dev/safariproxd/homework/internal/app/mock/order_repository_mock.go:2992.85,2995.2 2 0
gitlab.ozon.dev/safariproxd/homework/internal/app/mock/order_repository_mock.go:2998.89,2999.12 1 0
gitlab.ozon.dev/safariproxd/homework/internal/app/mock/order_repository_mock.go:2999.12,3001.3 1 0
gitlab.ozon.dev/safariproxd/homework/internal/app/mock/order_repository_mock.go:3002.2,3004.17 3 0
gitlab.ozon.dev/safariproxd/homework/internal/app/mock/order_repository_mock.go:3007.68,3008.110 1 33
gitlab.ozon.dev/safariproxd/homework/internal/app/mock/order_repository_mock.go:3008.110,3010.3 1 23
gitlab.ozon.dev/safariproxd/homework/internal/app/mock/order_repository_mock.go:3012.2,3015.102 3 10
gitlab.ozon.dev/safariproxd/homework/internal/app/mock/order_repository_mock.go:3019.98,3025.39 4 11
gitlab.ozon.dev/safariproxd/homework/internal/app/mock/order_repository_mock.go:3025.39,3027.3 1 0
gitlab.ozon.dev/safariproxd/homework/internal/app/mock/order_repository_mock.go:3029.2,3036.53 5 11
gitlab.ozon.dev/safariproxd/homework/internal/app/mock/order_repository_mock.go:3036.53,3037.43 1 0
gitlab.ozon.dev/safariproxd/homework/internal/app/mock/order_repository_mock.go:3037.43,3040.4 2 0
gitlab.ozon.dev/safariproxd/homework/internal/app/mock/order_repository_mock.go:3043.2,3043.51 1 11
gitlab.ozon.dev/safariproxd/homework/internal/app/mock/order_repository_mock.go:3043.51,3050.26 5 9
gitlab.ozon.dev/safariproxd/homework/internal/app/mock/order_repository_mock.go:3050.26,3052.81 1 0
gitlab.ozon.dev/safariproxd/homework/internal/app/mock/order_repository_mock.go:3052.81,3055.5 1 0
gitlab.ozon.dev/safariproxd/homework/internal/app/mock/order_repository_mock.go:3057.4,3057.87 1 0
gitlab.ozon.dev/safariproxd/homework/internal/app/mock/order_repository_mock.go:3057.87,3060.5 1 0
gitlab.ozon.dev/safariproxd/homework/internal/app/mock/order_repository_mock.go:3062.9,3062.65 1 9
gitlab.ozon.dev/safariproxd/homework/internal/app/mock/order_repository_mock.go:3062.65,3065.4 1 0
gitlab.ozon.dev/safariproxd/homework/internal/app/mock/order_repository_mock.go:3067.3,3068.24 2 9
gitlab.ozon.dev/safariproxd/homework/internal/app/mock/order_repository_mock.go:3068.24,3070.4 1 0
gitlab.ozon.dev/safariproxd/homework/internal/app/mock/order_repository_mock.go:3071.3,3071.27 1 9
gitlab.ozon.dev/safariproxd/homework/internal/app/mock/order_repository_mock.go:3073.2,3073.32 1 2
gitlab.ozon.dev/safariproxd/homework/internal/app/mock/order_repository_mock.go:3073.32,3075.3 1 2
gitlab.ozon.dev/safariproxd/homework/internal/app/mock/order_repository_mock.go:3076.2,3077.8 2 0
gitlab.ozon.dev/safariproxd/homework/internal/app/mock/order_repository_mock.go:3081.66,3083.2 1 0
gitlab.ozon.dev/safariproxd/homework/internal/app/mock/order_repository_mock.go:3086.67,3088.2 1 0
gitlab.ozon.dev/safariproxd/homework/internal/app/mock/order_repository_mock.go:3092.88,3101.2 5 0
gitlab.ozon.dev/safariproxd/homework/internal/app/mock/order_repository_mock.go:3105.57,3106.27 1 33
gitlab.ozon.dev/safariproxd/homework/internal/app/mock/order_repository_mock.go:3106.27,3109.3 1 0
gitlab.ozon.dev/safariproxd/homework/internal/app/mock/order_repository_mock.go:3111.2,3111.46 1 33
gitlab.ozon.dev/safariproxd/homework/internal/app/mock/order_repository_mock.go:3111.46,3112.43 1 0
gitlab.ozon.dev/safariproxd/homework/internal/app/mock/order_repository_mock.go:3112.43,3114.4 1 0
gitlab.ozon.dev/safariproxd/homework/internal/app/mock/order_repository_mock.go:3117.2,3117.39 1 33
gitlab.ozon.dev/safariproxd/homework/internal/app/mock/order_repository_mock.go:3121.55,3122.46 1 0
gitlab.ozon.dev/safariproxd/homework/internal/app/mock/order_repository_mock.go:3122.46,3123.43 1 0
gitlab.ozon.dev/safariproxd/homework/internal/app/mock/order_repository_mock.go:3123.43,3125.4 1 0
gitlab.ozon.dev/safariproxd/homework/internal/app/mock/order_repository_mock.go:3128.2,3130.70 2 0
gitlab.ozon.dev/safariproxd/homework/internal/app/mock/order_repository_mock.go:3130.70,3131.52 1 0
gitlab.ozon.dev/safariproxd/homework/internal/app/mock/order_repository_mock.go:3131.52,3133.4 1 0
gitlab.ozon.dev/safariproxd/homework/internal/app/mock/order_repository_mock.go:3133.9,3135.4 1 0
gitlab.ozon.dev/safariproxd/homework/internal/app/mock/order_repository_mock.go:3138.2,3138.51 1 0
gitlab.ozon.dev/safariproxd/homework/internal/app/mock/order_repository_mock.go:3138.51,3140.3 1 0
gitlab.ozon.dev/safariproxd/homework/internal/app/mock/order_repository_mock.go:3142.2,3142.63 1 0
gitlab.ozon.dev/safariproxd/homework/internal/app/mock/order_repository_mock.go:3142.63,3145.3 1 0
gitlab.ozon.dev/safariproxd/homework/internal/app/mock/order_repository_mock.go:3149.48,3150.25 1 66
gitlab.ozon.dev/safariproxd/homework/internal/app/mock/order_repository_mock.go:3150.25,3151.24 1 33
gitlab.ozon.dev/safariproxd/homework/internal/app/mock/order_repository_mock.go:3151.24,3169.4 9 0
gitlab.ozon.dev/safariproxd/homework/internal/app/mock/order_repository_mock.go:3174.70,3176.6 2 0
gitlab.ozon.dev/safariproxd/homework/internal/app/mock/order_repository_mock.go:3176.6,3177.23 1 0
gitlab.ozon.dev/safariproxd/homework/internal/app/mock/order_repository_mock.go:3177.23,3179.4 1 0
gitlab.ozon.dev/safariproxd/homework/internal/app/mock/order_repository_mock.go:3180.3,3180.10 1 0
gitlab.ozon.dev/safariproxd/homework/internal/app/mock/order_repository_mock.go:3181.20,3183.10 2 0
gitlab.ozon.dev/safariproxd/homework/internal/app/mock/order_repository_mock.go:3184.50,3184.50 0 0
gitlab.ozon.dev/safariproxd/homework/internal/app/mock/order_repository_mock.go:3189.51,3201.2 2 33
gitlab.ozon.dev/safariproxd/homework/internal/domain/errors.go:28.31,30.2 1 0
gitlab.ozon.dev/safariproxd/homework/internal/domain/errors.go:32.61,37.2 1 1
gitlab.ozon.dev/safariproxd/homework/internal/domain/errors.go:39.52,44.2 1 1
gitlab.ozon.dev/safariproxd/homework/internal/domain/errors.go:46.69,51.2 1 1
gitlab.ozon.dev/safariproxd/homework/internal/domain/errors.go:53.50,58.2 1 0
gitlab.ozon.dev/safariproxd/homework/internal/domain/errors.go:60.51,65.2 1 0
gitlab.ozon.dev/safariproxd/homework/internal/domain/errors.go:67.98,72.2 1 0
gitlab.ozon.dev/safariproxd/homework/internal/domain/errors.go:74.50,79.2 1 0
gitlab.ozon.dev/safariproxd/homework/internal/domain/errors.go:81.78,86.2 1 0
gitlab.ozon.dev/safariproxd/homework/internal/domain/errors.go:88.72,93.2 1 0
gitlab.ozon.dev/safariproxd/homework/internal/domain/errors.go:95.58,100.2 1 0
gitlab.ozon.dev/safariproxd/homework/internal/domain/errors.go:102.42,107.2 1 0
gitlab.ozon.dev/safariproxd/homework/internal/domain/errors.go:109.52,114.2 1 0
gitlab.ozon.dev/safariproxd/homework/internal/domain/errors.go:116.87,121.2 1 1
gitlab.ozon.dev/safariproxd/homework/internal/domain/order.go:68.41,69.18 1 6
gitlab.ozon.dev/safariproxd/homework/internal/domain/order.go:70.23,71.22 1 1
gitlab.ozon.dev/safariproxd/homework/internal/domain/order.go:72.27,73.27 1 1
gitlab.ozon.dev/safariproxd/homework/internal/domain/order.go:74.32,75.32 1 1
gitlab.ozon.dev/safariproxd/homework/internal/domain/order.go:76.28,77.28 1 1
gitlab.ozon.dev/safariproxd/homework/internal/domain/order.go:78.35,79.43 1 1
gitlab.ozon.dev/safariproxd/homework/internal/domain/order.go:80.10,81.26 1 1
